#
# A fatal error has been detected by the Java Runtime Environment:
#
#  EXCEPTION_ACCESS_VIOLATION (0xc0000005) at pc=0x00007fff4ca0c8c0, pid=20096, tid=9720
#
# JRE version: Java(TM) SE Runtime Environment (21.0+35) (build 21+35-LTS-2513)
# Java VM: Java HotSpot(TM) 64-Bit Server VM (21+35-LTS-2513, mixed mode, sharing, tiered, compressed oops, compressed class ptrs, g1 gc, windows-amd64)
# Problematic frame:
# C  [nvoglv64.dll+0x50c8c0]
#
# No core dump will be written. Minidumps are not enabled by default on client versions of Windows
#
# If you would like to submit a bug report, please visit:
#   https://bugreport.java.com/bugreport/crash.jsp
# The crash happened outside the Java Virtual Machine in native code.
# See problematic frame for where to report the bug.
#

---------------  S U M M A R Y ------------

Command Line: -javaagent:C:\Program Files\IDEACommunityEdition\lib\idea_rt.jar=51282:C:\Program Files\IDEACommunityEdition\bin -Dfile.encoding=UTF-8 -Dsun.stdout.encoding=UTF-8 -Dsun.stderr.encoding=UTF-8 com.thatsoulyguy.terracraft.Terracraft

Host: 12th Gen Intel(R) Core(TM) i9-12900K, 24 cores, 127G,  Windows 11 , 64 bit Build 22621 (10.0.22621.2506)
Time: Tue Dec 19 21:03:01 2023 Central Standard Time elapsed time: 0.817928 seconds (0d 0h 0m 0s)

---------------  T H R E A D  ---------------

Current thread (0x000002ab418a72f0):  JavaThread "main"             [_thread_in_native, id=9720, stack(0x000000d46f900000,0x000000d46fa00000) (1024K)]

Stack: [0x000000d46f900000,0x000000d46fa00000],  sp=0x000000d46f9fec30,  free space=1019k
Native frames: (J=compiled Java code, j=interpreted, Vv=VM code, C=native code)
C  [nvoglv64.dll+0x50c8c0]

Java frames: (J=compiled Java code, j=interpreted, Vv=VM code)
j  org.lwjgl.opengl.GL11C.nglDrawElements(IIIJ)V+0
j  org.lwjgl.opengl.GL11C.glDrawElements(IIIJ)V+4
j  org.lwjgl.opengl.GL11.glDrawElements(IIIJ)V+4
j  com.thatsoulyguy.terracraft.render.Renderer.RenderObjects(Lcom/thatsoulyguy/terracraft/player/Camera;)V+496
j  com.thatsoulyguy.terracraft.Terracraft.Update()V+33
j  com.thatsoulyguy.terracraft.Terracraft.run()V+11
j  java.lang.Thread.runWith(Ljava/lang/Object;Ljava/lang/Runnable;)V+5 java.base@21
j  java.lang.Thread.run()V+19 java.base@21
v  ~StubRoutines::call_stub 0x000002aaeee7100d

siginfo: EXCEPTION_ACCESS_VIOLATION (0xc0000005), reading address 0x0000000000000000


Registers:
RAX=0x00000000fffffdf1, RBX=0x0000000000000000, RCX=0x000002ab50d9de70, RDX=0x0000000000000000
RSP=0x000000d46f9fec30, RBP=0x000000000000422c, RSI=0x0000000000001080, RDI=0x000002ab47b13080
R8 =0x0000000000000008, R9 =0x000002ab50d9de48, R10=0x000002ab50d9de60, R11=0x000000000000020f
R12=0x000002ab50d9de70, R13=0x0000000000001405, R14=0x0000000000004200, R15=0x0000000000000000
RIP=0x00007fff4ca0c8c0, EFLAGS=0x0000000000010293


Register to memory mapping:

RAX=0x00000000fffffdf1 points into unknown readable memory: 00 00 00 00 00 00 00
RBX=0x0 is null
RCX=0x000002ab50d9de70 points into unknown readable memory: 0x000002ab5409b3c0 | c0 b3 09 54 ab 02 00 00
RDX=0x0 is null
RSP=0x000000d46f9fec30 is pointing into the stack for thread: 0x000002ab418a72f0
RBP=0x000000000000422c is an unknown value
RSI=0x0000000000001080 is an unknown value
RDI=0x000002ab47b13080 points into unknown readable memory: 0x0000000000000000 | 00 00 00 00 00 00 00 00
R8 =0x0000000000000008 is an unknown value
R9 =0x000002ab50d9de48 points into unknown readable memory: 0x0000000402116006 | 06 60 11 02 04 00 00 00
R10=0x000002ab50d9de60 points into unknown readable memory: 0x000000020002c1be | be c1 02 00 02 00 00 00
R11=0x000000000000020f is an unknown value
R12=0x000002ab50d9de70 points into unknown readable memory: 0x000002ab5409b3c0 | c0 b3 09 54 ab 02 00 00
R13=0x0000000000001405 is an unknown value
R14=0x0000000000004200 is an unknown value
R15=0x0 is null

Top of Stack: (sp=0x000000d46f9fec30)
0x000000d46f9fec30:   000002ab47b13080 00007fff4ca1688d
0x000000d46f9fec40:   000000d46f9fed00 0000000000000000
0x000000d46f9fec50:   000000000000fff8 000002aae7afb264
0x000000d46f9fec60:   00000000ffffffff 0000000000000000
0x000000d46f9fec70:   0000000042bb1999 000002aaeee7d448
0x000000d46f9fec80:   0000000000000000 0000000000000000
0x000000d46f9fec90:   000002ab418a72f0 000002ab4265c818
0x000000d46f9feca0:   0000000000000000 000002aaeee78846
0x000000d46f9fecb0:   000002ab54a4f9e0 000002aaeee7ce0b
0x000000d46f9fecc0:   000000d46f9fed50 000002aaef66f001
0x000000d46f9fecd0:   000000d46f9fed90 000002ab4265c818
0x000000d46f9fece0:   000002ab00001405 0000000000000000
0x000000d46f9fecf0:   0000000000000000 000002ab54a4f9e0
0x000000d46f9fed00:   000000d46f9feee0 000000d46f9fed08
0x000000d46f9fed10:   0000000000000000 0000000000000008
0x000000d46f9fed20:   000002ab42668000 0000000000000000
0x000000d46f9fed30:   00000001191ff6e8 000002ab4265c818
0x000000d46f9fed40:   0000000000000000 000000d46f9fed70
0x000000d46f9fed50:   000000d46f9fede0 000002aaeee78846
0x000000d46f9fed60:   00000001191ff6e8 000002aaeee7a397
0x000000d46f9fed70:   0000000000000000 0000000000000000
0x000000d46f9fed80:   0000000000001405 0000000000001080
0x000000d46f9fed90:   0000000000000004 000000d46f9fed98
0x000000d46f9feda0:   000002ab4265c8bc 0000000000000006
0x000000d46f9fedb0:   000002ab42668000 0000000000000000
0x000000d46f9fedc0:   00000001191ff6e8 000002ab4265c900
0x000000d46f9fedd0:   000000d46f9fed70 000000d46f9fedf0
0x000000d46f9fede0:   000000d46f9fee60 000002aaeee78846
0x000000d46f9fedf0:   0000000000000000 0000000000000000
0x000000d46f9fee00:   0000000000001405 0000000000001080
0x000000d46f9fee10:   0000000000000004 000000d46f9fee18
0x000000d46f9fee20:   000002ab4262cec4 0000000000000006 

Instructions: (pc=0x00007fff4ca0c8c0)
0x00007fff4ca0c7c0:   b4 24 a0 00 00 00 48 8b 9c 24 a8 00 00 00 48 83
0x00007fff4ca0c7d0:   c4 60 41 5f 41 5d 41 5c 5f 5e c3 4c 8b 4f 40 8b
0x00007fff4ca0c7e0:   c3 48 8b 4f 50 49 2b c9 48 c1 f9 02 85 c9 0f 49
0x00007fff4ca0c7f0:   c1 c1 e0 02 3b e8 72 0e 8b d5 48 8b cf e8 6e 74
0x00007fff4ca0c800:   21 00 4c 8b 4f 40 8b c5 45 89 61 04 c1 e0 0b 83
0x00007fff4ca0c810:   c8 06 41 89 71 08 41 89 01 45 89 69 0c 4d 89 79
0x00007fff4ca0c820:   10 38 9c 24 98 00 00 00 0f 84 1b 01 00 00 4c 8b
0x00007fff4ca0c830:   57 40 41 8d 47 0f 83 e0 f0 49 83 c2 18 41 2b c7
0x00007fff4ca0c840:   0f 57 db d1 f8 49 8b d7 44 8b c6 66 0f 7f 5c 24
0x00007fff4ca0c850:   50 49 8d 4a 04 03 c1 49 8d 4a 04 f7 d8 83 e0 0f
0x00007fff4ca0c860:   48 03 c8 4c 8b e1 41 f6 c7 0f 74 20 0f 1f 40 00
0x00007fff4ca0c870:   45 85 c0 74 17 8b 02 41 ff c8 66 89 01 0b d8 48
0x00007fff4ca0c880:   83 c1 02 48 83 c2 04 f6 c2 0f 75 e4 41 83 f8 08
0x00007fff4ca0c890:   7e 72 66 0f 6f 25 b6 88 26 01 41 8d 40 f7 66 0f
0x00007fff4ca0c8a0:   6f 2d ba 88 26 01 c1 e8 03 ff c0 44 8b d8 f7 d8
0x00007fff4ca0c8b0:   45 8d 04 c0 0f 1f 40 00 0f 1f 84 00 00 00 00 00
0x00007fff4ca0c8c0:   f3 0f 6f 12 f3 0f 6f 4a 10 66 0f 6f c2 66 0f eb
0x00007fff4ca0c8d0:   c3 48 83 c2 20 66 0f 6f d8 66 0f eb d9 0f 18 02
0x00007fff4ca0c8e0:   66 0f fe d4 66 0f fe cc 66 0f 6b d1 66 0f fd d5
0x00007fff4ca0c8f0:   f3 0f 7f 11 48 83 c1 10 49 83 eb 01 75 c2 66 0f
0x00007fff4ca0c900:   7f 5c 24 50 8b 44 24 5c 0b 44 24 58 0b 44 24 54
0x00007fff4ca0c910:   0b 44 24 50 0b d8 45 85 c0 74 1a 0f 1f 44 00 00
0x00007fff4ca0c920:   8b 02 0b d8 66 89 01 48 8d 49 02 48 8d 52 04 41
0x00007fff4ca0c930:   83 e8 01 75 eb 45 2b e2 45 89 22 f7 c3 00 00 ff
0x00007fff4ca0c940:   ff 74 46 ff 87 6c 0c 8e 00 48 8b 5f 40 49 8b d7
0x00007fff4ca0c950:   4d 63 c6 48 8d 4b 1c e8 b4 87 a5 00 c7 43 18 04
0x00007fff4ca0c960:   00 00 00 48 63 c5 48 83 e0 fc 48 01 47 40 48 8b
0x00007fff4ca0c970:   47 40 48 3b 47 48 0f 82 3a fe ff ff 48 8b cf e8
0x00007fff4ca0c980:   2c 6f 21 00 e9 2d fe ff ff 41 c7 41 0c 03 14 00
0x00007fff4ca0c990:   00 41 8b 2a 48 8b 47 40 83 c5 03 8d 6c 75 00 83
0x00007fff4ca0c9a0:   e5 fc 83 c5 18 8b cd c1 e1 0b 83 c9 06 89 08 8b
0x00007fff4ca0c9b0:   87 6c 0c 8e 00 85 c0 74 aa ff c8 89 87 6c 0c 8e 


Stack slot to memory mapping:

stack at sp + 0 slots: 0x000002ab47b13080 points into unknown readable memory: 0x0000000000000000 | 00 00 00 00 00 00 00 00
stack at sp + 1 slots: 0x00007fff4ca1688d nvoglv64.dll
stack at sp + 2 slots: 0x000000d46f9fed00 is pointing into the stack for thread: 0x000002ab418a72f0
stack at sp + 3 slots: 0x0 is null
stack at sp + 4 slots: 0x000000000000fff8 is an unknown value
stack at sp + 5 slots: 0x000002aae7afb264 is at entry_point+516 in (nmethod*)0x000002aae7afae90
Compiled method (c1)     851  626       3       java.lang.ThreadLocal$ThreadLocalMap::getEntry (42 bytes)
 total in heap  [0x000002aae7afae90,0x000002aae7afb5c8] = 1848
 relocation     [0x000002aae7afaff0,0x000002aae7afb060] = 112
 main code      [0x000002aae7afb060,0x000002aae7afb3f0] = 912
 stub code      [0x000002aae7afb3f0,0x000002aae7afb440] = 80
 metadata       [0x000002aae7afb440,0x000002aae7afb468] = 40
 scopes data    [0x000002aae7afb468,0x000002aae7afb4f0] = 136
 scopes pcs     [0x000002aae7afb4f0,0x000002aae7afb5a0] = 176
 dependencies   [0x000002aae7afb5a0,0x000002aae7afb5a8] = 8
 nul chk table  [0x000002aae7afb5a8,0x000002aae7afb5c8] = 32
stack at sp + 6 slots: 0x00000000ffffffff points into unknown readable memory: 00
stack at sp + 7 slots: 0x0 is null


---------------  P R O C E S S  ---------------

Threads class SMR info:
_java_thread_list=0x000002ab51b01d30, length=21, elements={
0x000002ab41151920, 0x000002ab41152640, 0x000002ab411543c0, 0x000002ab41154e20,
0x000002ab41155be0, 0x000002ab411567f0, 0x000002ab41157860, 0x000002ab4115b5c0,
0x000002ab412213d0, 0x000002aaf79eaf40, 0x000002ab412f76f0, 0x000002ab41796970,
0x000002ab41798a00, 0x000002ab418a72f0, 0x000002aadf5c6490, 0x000002ab418945d0,
0x000002ab4189cb60, 0x000002ab4711c4f0, 0x000002ab47205de0, 0x000002ab507277e0,
0x000002ab50b09ec0
}

Java Threads: ( => current thread )
  0x000002ab41151920 JavaThread "Reference Handler"          daemon [_thread_blocked, id=16892, stack(0x000000d46ec00000,0x000000d46ed00000) (1024K)]
  0x000002ab41152640 JavaThread "Finalizer"                  daemon [_thread_blocked, id=14196, stack(0x000000d46ed00000,0x000000d46ee00000) (1024K)]
  0x000002ab411543c0 JavaThread "Signal Dispatcher"          daemon [_thread_blocked, id=17088, stack(0x000000d46ee00000,0x000000d46ef00000) (1024K)]
  0x000002ab41154e20 JavaThread "Attach Listener"            daemon [_thread_blocked, id=27592, stack(0x000000d46ef00000,0x000000d46f000000) (1024K)]
  0x000002ab41155be0 JavaThread "Service Thread"             daemon [_thread_blocked, id=10780, stack(0x000000d46f000000,0x000000d46f100000) (1024K)]
  0x000002ab411567f0 JavaThread "Monitor Deflation Thread"   daemon [_thread_blocked, id=4584, stack(0x000000d46f100000,0x000000d46f200000) (1024K)]
  0x000002ab41157860 JavaThread "C2 CompilerThread0"         daemon [_thread_in_native, id=16768, stack(0x000000d46f200000,0x000000d46f300000) (1024K)]
  0x000002ab4115b5c0 JavaThread "C1 CompilerThread0"         daemon [_thread_blocked, id=16656, stack(0x000000d46f300000,0x000000d46f400000) (1024K)]
  0x000002ab412213d0 JavaThread "C1 CompilerThread1"         daemon [_thread_blocked, id=14164, stack(0x000000d46f400000,0x000000d46f500000) (1024K)]
  0x000002aaf79eaf40 JavaThread "Common-Cleaner"             daemon [_thread_blocked, id=17972, stack(0x000000d46f500000,0x000000d46f600000) (1024K)]
  0x000002ab412f76f0 JavaThread "C2 CompilerThread1"         daemon [_thread_in_native, id=29112, stack(0x000000d46f600000,0x000000d46f700000) (1024K)]
  0x000002ab41796970 JavaThread "Monitor Ctrl-Break"         daemon [_thread_in_native, id=22164, stack(0x000000d46f700000,0x000000d46f800000) (1024K)]
  0x000002ab41798a00 JavaThread "Notification Thread"        daemon [_thread_blocked, id=7272, stack(0x000000d46f800000,0x000000d46f900000) (1024K)]
=>0x000002ab418a72f0 JavaThread "main"                              [_thread_in_native, id=9720, stack(0x000000d46f900000,0x000000d46fa00000) (1024K)]
  0x000002aadf5c6490 JavaThread "DestroyJavaVM"                     [_thread_blocked, id=22084, stack(0x000000d46e400000,0x000000d46e500000) (1024K)]
  0x000002ab418945d0 JavaThread "C1 CompilerThread2"         daemon [_thread_blocked, id=9288, stack(0x000000d46fa00000,0x000000d46fb00000) (1024K)]
  0x000002ab4189cb60 JavaThread "C1 CompilerThread3"         daemon [_thread_blocked, id=29596, stack(0x000000d46fb00000,0x000000d46fc00000) (1024K)]
  0x000002ab4711c4f0 JavaThread "pool-1-thread-1"                   [_thread_in_Java, id=3284, stack(0x000000d46fc00000,0x000000d46fd00000) (1024K)]
  0x000002ab47205de0 JavaThread "C2 CompilerThread2"         daemon [_thread_in_native, id=33576, stack(0x000000d470500000,0x000000d470600000) (1024K)]
  0x000002ab507277e0 JavaThread "C2 CompilerThread3"         daemon [_thread_in_native, id=29656, stack(0x000000d471700000,0x000000d471800000) (1024K)]
  0x000002ab50b09ec0 JavaThread "C2 CompilerThread4"         daemon [_thread_blocked, id=33440, stack(0x000000d471800000,0x000000d471900000) (1024K)]
Total: 21

Other Threads:
  0x000002ab41132b50 VMThread "VM Thread"                           [id=33716, stack(0x000000d46eb00000,0x000000d46ec00000) (1024K)]
  0x000002aaf79e9ef0 WatcherThread "VM Periodic Task Thread"        [id=24912, stack(0x000000d46ea00000,0x000000d46eb00000) (1024K)]
  0x000002aadf6691e0 WorkerThread "GC Thread#0"                     [id=23664, stack(0x000000d46e500000,0x000000d46e600000) (1024K)]
  0x000002ab50e6cbb0 WorkerThread "GC Thread#1"                     [id=10284, stack(0x000000d470600000,0x000000d470700000) (1024K)]
  0x000002ab513e3650 WorkerThread "GC Thread#2"                     [id=20856, stack(0x000000d470700000,0x000000d470800000) (1024K)]
  0x000002ab50ac3820 WorkerThread "GC Thread#3"                     [id=20068, stack(0x000000d470800000,0x000000d470900000) (1024K)]
  0x000002ab50d5b010 WorkerThread "GC Thread#4"                     [id=16056, stack(0x000000d470900000,0x000000d470a00000) (1024K)]
  0x000002ab478d8d80 WorkerThread "GC Thread#5"                     [id=18508, stack(0x000000d470a00000,0x000000d470b00000) (1024K)]
  0x000002ab50e47430 WorkerThread "GC Thread#6"                     [id=19892, stack(0x000000d470b00000,0x000000d470c00000) (1024K)]
  0x000002ab507bd2b0 WorkerThread "GC Thread#7"                     [id=28828, stack(0x000000d470c00000,0x000000d470d00000) (1024K)]
  0x000002ab507bec10 WorkerThread "GC Thread#8"                     [id=31384, stack(0x000000d470d00000,0x000000d470e00000) (1024K)]
  0x000002ab507bd650 WorkerThread "GC Thread#9"                     [id=18624, stack(0x000000d470e00000,0x000000d470f00000) (1024K)]
  0x000002ab507bd9f0 WorkerThread "GC Thread#10"                    [id=13360, stack(0x000000d470f00000,0x000000d471000000) (1024K)]
  0x000002ab507bdd90 WorkerThread "GC Thread#11"                    [id=29368, stack(0x000000d471000000,0x000000d471100000) (1024K)]
  0x000002ab507be130 WorkerThread "GC Thread#12"                    [id=22684, stack(0x000000d471100000,0x000000d471200000) (1024K)]
  0x000002ab507be4d0 WorkerThread "GC Thread#13"                    [id=15828, stack(0x000000d471200000,0x000000d471300000) (1024K)]
  0x000002ab507be870 WorkerThread "GC Thread#14"                    [id=11968, stack(0x000000d471300000,0x000000d471400000) (1024K)]
  0x000002ab50fcb500 WorkerThread "GC Thread#15"                    [id=8624, stack(0x000000d471400000,0x000000d471500000) (1024K)]
  0x000002ab50fcb160 WorkerThread "GC Thread#16"                    [id=33164, stack(0x000000d471500000,0x000000d471600000) (1024K)]
  0x000002ab50fcbfe0 WorkerThread "GC Thread#17"                    [id=17092, stack(0x000000d471600000,0x000000d471700000) (1024K)]
  0x000002aadf679820 ConcurrentGCThread "G1 Main Marker"            [id=30420, stack(0x000000d46e600000,0x000000d46e700000) (1024K)]
  0x000002aadf67aac0 WorkerThread "G1 Conc#0"                       [id=29800, stack(0x000000d46e700000,0x000000d46e800000) (1024K)]
  0x000002aaf79c8a10 ConcurrentGCThread "G1 Refine#0"               [id=10256, stack(0x000000d46e800000,0x000000d46e900000) (1024K)]
  0x000002aaf79c9390 ConcurrentGCThread "G1 Service"                [id=9252, stack(0x000000d46e900000,0x000000d46ea00000) (1024K)]
Total: 24

Threads with active compile tasks:
C2 CompilerThread0      854 1296       4       com.thatsoulyguy.terracraft.world.Chunk::GenerateFrontFace (336 bytes)
C2 CompilerThread1      854 1292 %     4       com.thatsoulyguy.terracraft.world.Chunk::Rebuild @ 52 (477 bytes)
C2 CompilerThread2      854 1415 %     4       com.thatsoulyguy.terracraft.world.Chunk::Initialize @ 106 (266 bytes)
C2 CompilerThread3      854 1297       4       com.thatsoulyguy.terracraft.world.Chunk::GenerateRightFace (336 bytes)
Total: 4

VM state: not at safepoint (normal execution)

VM Mutex/Monitor currently owned by a thread: None

Heap address: 0x00000000a0000000, size: 30208 MB, Compressed Oops mode: Zero based, Oop shift amount: 3

CDS archive(s) mapped at: [0x000002ab00000000-0x000002ab00c90000-0x000002ab00c90000), size 13172736, SharedBaseAddress: 0x000002ab00000000, ArchiveRelocationMode: 1.
Compressed class space mapped at: 0x000002ab01000000-0x000002ab41000000, reserved size: 1073741824
Narrow klass base: 0x000002ab00000000, Narrow klass shift: 0, Narrow klass range: 0x100000000

GC Precious Log:
 CardTable entry size: 512
 Card Set container configuration: InlinePtr #cards 3 size 8 Array Of Cards #cards 128 size 272 Howl #buckets 8 coarsen threshold 29491 Howl Bitmap #cards 4096 size 528 coarsen threshold 3686 Card regions per heap region 1 cards per card region 32768
 CPUs: 24 total, 24 available
 Memory: 127G
 Large Page Support: Disabled
 NUMA Support: Disabled
 Compressed Oops: Enabled (Zero based)
 Heap Region Size: 16M
 Heap Min Capacity: 16M
 Heap Initial Capacity: 2G
 Heap Max Capacity: 30208M
 Pre-touch: Disabled
 Parallel Workers: 18
 Concurrent Workers: 5
 Concurrent Refinement Workers: 18
 Periodic GC: Disabled

Heap:
 garbage-first heap   total 2097152K, used 38843K [0x00000000a0000000, 0x0000000800000000)
  region size 16384K, 2 young (32768K), 1 survivors (16384K)
 Metaspace       used 7557K, committed 7808K, reserved 1114112K
  class space    used 452K, committed 576K, reserved 1048576K

Heap Regions: E=young(eden), S=young(survivor), O=old, HS=humongous(starts), HC=humongous(continues), CS=collection set, F=free, TAMS=top-at-mark-start, PB=parsable bottom
|   0|0x00000000a0000000, 0x00000000a1000000, 0x00000000a1000000|100%| O|  |TAMS 0x00000000a0000000| PB 0x00000000a0000000| Untracked 
|   1|0x00000000a1000000, 0x00000000a15eed88, 0x00000000a2000000| 37%| O|  |TAMS 0x00000000a1000000| PB 0x00000000a1000000| Untracked 
|   2|0x00000000a2000000, 0x00000000a2000000, 0x00000000a3000000|  0%| F|  |TAMS 0x00000000a2000000| PB 0x00000000a2000000| Untracked 
|   3|0x00000000a3000000, 0x00000000a3000000, 0x00000000a4000000|  0%| F|  |TAMS 0x00000000a3000000| PB 0x00000000a3000000| Untracked 
|   4|0x00000000a4000000, 0x00000000a4000000, 0x00000000a5000000|  0%| F|  |TAMS 0x00000000a4000000| PB 0x00000000a4000000| Untracked 
|   5|0x00000000a5000000, 0x00000000a5000000, 0x00000000a6000000|  0%| F|  |TAMS 0x00000000a5000000| PB 0x00000000a5000000| Untracked 
|   6|0x00000000a6000000, 0x00000000a6000000, 0x00000000a7000000|  0%| F|  |TAMS 0x00000000a6000000| PB 0x00000000a6000000| Untracked 
|   7|0x00000000a7000000, 0x00000000a7000000, 0x00000000a8000000|  0%| F|  |TAMS 0x00000000a7000000| PB 0x00000000a7000000| Untracked 
|   8|0x00000000a8000000, 0x00000000a8000000, 0x00000000a9000000|  0%| F|  |TAMS 0x00000000a8000000| PB 0x00000000a8000000| Untracked 
|   9|0x00000000a9000000, 0x00000000a9000000, 0x00000000aa000000|  0%| F|  |TAMS 0x00000000a9000000| PB 0x00000000a9000000| Untracked 
|  10|0x00000000aa000000, 0x00000000aa000000, 0x00000000ab000000|  0%| F|  |TAMS 0x00000000aa000000| PB 0x00000000aa000000| Untracked 
|  11|0x00000000ab000000, 0x00000000ab000000, 0x00000000ac000000|  0%| F|  |TAMS 0x00000000ab000000| PB 0x00000000ab000000| Untracked 
|  12|0x00000000ac000000, 0x00000000ac000000, 0x00000000ad000000|  0%| F|  |TAMS 0x00000000ac000000| PB 0x00000000ac000000| Untracked 
|  13|0x00000000ad000000, 0x00000000ad000000, 0x00000000ae000000|  0%| F|  |TAMS 0x00000000ad000000| PB 0x00000000ad000000| Untracked 
|  14|0x00000000ae000000, 0x00000000ae000000, 0x00000000af000000|  0%| F|  |TAMS 0x00000000ae000000| PB 0x00000000ae000000| Untracked 
|  15|0x00000000af000000, 0x00000000af000000, 0x00000000b0000000|  0%| F|  |TAMS 0x00000000af000000| PB 0x00000000af000000| Untracked 
|  16|0x00000000b0000000, 0x00000000b0000000, 0x00000000b1000000|  0%| F|  |TAMS 0x00000000b0000000| PB 0x00000000b0000000| Untracked 
|  17|0x00000000b1000000, 0x00000000b1000000, 0x00000000b2000000|  0%| F|  |TAMS 0x00000000b1000000| PB 0x00000000b1000000| Untracked 
|  18|0x00000000b2000000, 0x00000000b2000000, 0x00000000b3000000|  0%| F|  |TAMS 0x00000000b2000000| PB 0x00000000b2000000| Untracked 
|  19|0x00000000b3000000, 0x00000000b3000000, 0x00000000b4000000|  0%| F|  |TAMS 0x00000000b3000000| PB 0x00000000b3000000| Untracked 
|  20|0x00000000b4000000, 0x00000000b4000000, 0x00000000b5000000|  0%| F|  |TAMS 0x00000000b4000000| PB 0x00000000b4000000| Untracked 
|  21|0x00000000b5000000, 0x00000000b5000000, 0x00000000b6000000|  0%| F|  |TAMS 0x00000000b5000000| PB 0x00000000b5000000| Untracked 
|  22|0x00000000b6000000, 0x00000000b6000000, 0x00000000b7000000|  0%| F|  |TAMS 0x00000000b6000000| PB 0x00000000b6000000| Untracked 
|  23|0x00000000b7000000, 0x00000000b7000000, 0x00000000b8000000|  0%| F|  |TAMS 0x00000000b7000000| PB 0x00000000b7000000| Untracked 
|  24|0x00000000b8000000, 0x00000000b8000000, 0x00000000b9000000|  0%| F|  |TAMS 0x00000000b8000000| PB 0x00000000b8000000| Untracked 
|  25|0x00000000b9000000, 0x00000000b9000000, 0x00000000ba000000|  0%| F|  |TAMS 0x00000000b9000000| PB 0x00000000b9000000| Untracked 
|  26|0x00000000ba000000, 0x00000000ba000000, 0x00000000bb000000|  0%| F|  |TAMS 0x00000000ba000000| PB 0x00000000ba000000| Untracked 
|  27|0x00000000bb000000, 0x00000000bb000000, 0x00000000bc000000|  0%| F|  |TAMS 0x00000000bb000000| PB 0x00000000bb000000| Untracked 
|  28|0x00000000bc000000, 0x00000000bc000000, 0x00000000bd000000|  0%| F|  |TAMS 0x00000000bc000000| PB 0x00000000bc000000| Untracked 
|  29|0x00000000bd000000, 0x00000000bd000000, 0x00000000be000000|  0%| F|  |TAMS 0x00000000bd000000| PB 0x00000000bd000000| Untracked 
|  30|0x00000000be000000, 0x00000000be000000, 0x00000000bf000000|  0%| F|  |TAMS 0x00000000be000000| PB 0x00000000be000000| Untracked 
|  31|0x00000000bf000000, 0x00000000bf000000, 0x00000000c0000000|  0%| F|  |TAMS 0x00000000bf000000| PB 0x00000000bf000000| Untracked 
|  32|0x00000000c0000000, 0x00000000c0000000, 0x00000000c1000000|  0%| F|  |TAMS 0x00000000c0000000| PB 0x00000000c0000000| Untracked 
|  33|0x00000000c1000000, 0x00000000c1000000, 0x00000000c2000000|  0%| F|  |TAMS 0x00000000c1000000| PB 0x00000000c1000000| Untracked 
|  34|0x00000000c2000000, 0x00000000c2000000, 0x00000000c3000000|  0%| F|  |TAMS 0x00000000c2000000| PB 0x00000000c2000000| Untracked 
|  35|0x00000000c3000000, 0x00000000c3000000, 0x00000000c4000000|  0%| F|  |TAMS 0x00000000c3000000| PB 0x00000000c3000000| Untracked 
|  36|0x00000000c4000000, 0x00000000c4000000, 0x00000000c5000000|  0%| F|  |TAMS 0x00000000c4000000| PB 0x00000000c4000000| Untracked 
|  37|0x00000000c5000000, 0x00000000c5000000, 0x00000000c6000000|  0%| F|  |TAMS 0x00000000c5000000| PB 0x00000000c5000000| Untracked 
|  38|0x00000000c6000000, 0x00000000c6000000, 0x00000000c7000000|  0%| F|  |TAMS 0x00000000c6000000| PB 0x00000000c6000000| Untracked 
|  39|0x00000000c7000000, 0x00000000c7000000, 0x00000000c8000000|  0%| F|  |TAMS 0x00000000c7000000| PB 0x00000000c7000000| Untracked 
|  40|0x00000000c8000000, 0x00000000c8000000, 0x00000000c9000000|  0%| F|  |TAMS 0x00000000c8000000| PB 0x00000000c8000000| Untracked 
|  41|0x00000000c9000000, 0x00000000c9000000, 0x00000000ca000000|  0%| F|  |TAMS 0x00000000c9000000| PB 0x00000000c9000000| Untracked 
|  42|0x00000000ca000000, 0x00000000ca000000, 0x00000000cb000000|  0%| F|  |TAMS 0x00000000ca000000| PB 0x00000000ca000000| Untracked 
|  43|0x00000000cb000000, 0x00000000cb000000, 0x00000000cc000000|  0%| F|  |TAMS 0x00000000cb000000| PB 0x00000000cb000000| Untracked 
|  44|0x00000000cc000000, 0x00000000cc000000, 0x00000000cd000000|  0%| F|  |TAMS 0x00000000cc000000| PB 0x00000000cc000000| Untracked 
|  45|0x00000000cd000000, 0x00000000cd000000, 0x00000000ce000000|  0%| F|  |TAMS 0x00000000cd000000| PB 0x00000000cd000000| Untracked 
|  46|0x00000000ce000000, 0x00000000ce000000, 0x00000000cf000000|  0%| F|  |TAMS 0x00000000ce000000| PB 0x00000000ce000000| Untracked 
|  47|0x00000000cf000000, 0x00000000cf000000, 0x00000000d0000000|  0%| F|  |TAMS 0x00000000cf000000| PB 0x00000000cf000000| Untracked 
|  48|0x00000000d0000000, 0x00000000d0000000, 0x00000000d1000000|  0%| F|  |TAMS 0x00000000d0000000| PB 0x00000000d0000000| Untracked 
|  49|0x00000000d1000000, 0x00000000d1000000, 0x00000000d2000000|  0%| F|  |TAMS 0x00000000d1000000| PB 0x00000000d1000000| Untracked 
|  50|0x00000000d2000000, 0x00000000d2000000, 0x00000000d3000000|  0%| F|  |TAMS 0x00000000d2000000| PB 0x00000000d2000000| Untracked 
|  51|0x00000000d3000000, 0x00000000d3000000, 0x00000000d4000000|  0%| F|  |TAMS 0x00000000d3000000| PB 0x00000000d3000000| Untracked 
|  52|0x00000000d4000000, 0x00000000d4000000, 0x00000000d5000000|  0%| F|  |TAMS 0x00000000d4000000| PB 0x00000000d4000000| Untracked 
|  53|0x00000000d5000000, 0x00000000d5000000, 0x00000000d6000000|  0%| F|  |TAMS 0x00000000d5000000| PB 0x00000000d5000000| Untracked 
|  54|0x00000000d6000000, 0x00000000d6000000, 0x00000000d7000000|  0%| F|  |TAMS 0x00000000d6000000| PB 0x00000000d6000000| Untracked 
|  55|0x00000000d7000000, 0x00000000d7000000, 0x00000000d8000000|  0%| F|  |TAMS 0x00000000d7000000| PB 0x00000000d7000000| Untracked 
|  56|0x00000000d8000000, 0x00000000d8000000, 0x00000000d9000000|  0%| F|  |TAMS 0x00000000d8000000| PB 0x00000000d8000000| Untracked 
|  57|0x00000000d9000000, 0x00000000d9000000, 0x00000000da000000|  0%| F|  |TAMS 0x00000000d9000000| PB 0x00000000d9000000| Untracked 
|  58|0x00000000da000000, 0x00000000da000000, 0x00000000db000000|  0%| F|  |TAMS 0x00000000da000000| PB 0x00000000da000000| Untracked 
|  59|0x00000000db000000, 0x00000000db000000, 0x00000000dc000000|  0%| F|  |TAMS 0x00000000db000000| PB 0x00000000db000000| Untracked 
|  60|0x00000000dc000000, 0x00000000dc000000, 0x00000000dd000000|  0%| F|  |TAMS 0x00000000dc000000| PB 0x00000000dc000000| Untracked 
|  61|0x00000000dd000000, 0x00000000dd000000, 0x00000000de000000|  0%| F|  |TAMS 0x00000000dd000000| PB 0x00000000dd000000| Untracked 
|  62|0x00000000de000000, 0x00000000de000000, 0x00000000df000000|  0%| F|  |TAMS 0x00000000de000000| PB 0x00000000de000000| Untracked 
|  63|0x00000000df000000, 0x00000000df000000, 0x00000000e0000000|  0%| F|  |TAMS 0x00000000df000000| PB 0x00000000df000000| Untracked 
|  64|0x00000000e0000000, 0x00000000e0000000, 0x00000000e1000000|  0%| F|  |TAMS 0x00000000e0000000| PB 0x00000000e0000000| Untracked 
|  65|0x00000000e1000000, 0x00000000e1000000, 0x00000000e2000000|  0%| F|  |TAMS 0x00000000e1000000| PB 0x00000000e1000000| Untracked 
|  66|0x00000000e2000000, 0x00000000e2000000, 0x00000000e3000000|  0%| F|  |TAMS 0x00000000e2000000| PB 0x00000000e2000000| Untracked 
|  67|0x00000000e3000000, 0x00000000e3000000, 0x00000000e4000000|  0%| F|  |TAMS 0x00000000e3000000| PB 0x00000000e3000000| Untracked 
|  68|0x00000000e4000000, 0x00000000e4000000, 0x00000000e5000000|  0%| F|  |TAMS 0x00000000e4000000| PB 0x00000000e4000000| Untracked 
|  69|0x00000000e5000000, 0x00000000e5000000, 0x00000000e6000000|  0%| F|  |TAMS 0x00000000e5000000| PB 0x00000000e5000000| Untracked 
|  70|0x00000000e6000000, 0x00000000e6000000, 0x00000000e7000000|  0%| F|  |TAMS 0x00000000e6000000| PB 0x00000000e6000000| Untracked 
|  71|0x00000000e7000000, 0x00000000e7000000, 0x00000000e8000000|  0%| F|  |TAMS 0x00000000e7000000| PB 0x00000000e7000000| Untracked 
|  72|0x00000000e8000000, 0x00000000e8000000, 0x00000000e9000000|  0%| F|  |TAMS 0x00000000e8000000| PB 0x00000000e8000000| Untracked 
|  73|0x00000000e9000000, 0x00000000e9000000, 0x00000000ea000000|  0%| F|  |TAMS 0x00000000e9000000| PB 0x00000000e9000000| Untracked 
|  74|0x00000000ea000000, 0x00000000ea000000, 0x00000000eb000000|  0%| F|  |TAMS 0x00000000ea000000| PB 0x00000000ea000000| Untracked 
|  75|0x00000000eb000000, 0x00000000eb000000, 0x00000000ec000000|  0%| F|  |TAMS 0x00000000eb000000| PB 0x00000000eb000000| Untracked 
|  76|0x00000000ec000000, 0x00000000ec000000, 0x00000000ed000000|  0%| F|  |TAMS 0x00000000ec000000| PB 0x00000000ec000000| Untracked 
|  77|0x00000000ed000000, 0x00000000ed000000, 0x00000000ee000000|  0%| F|  |TAMS 0x00000000ed000000| PB 0x00000000ed000000| Untracked 
|  78|0x00000000ee000000, 0x00000000ee000000, 0x00000000ef000000|  0%| F|  |TAMS 0x00000000ee000000| PB 0x00000000ee000000| Untracked 
|  79|0x00000000ef000000, 0x00000000ef000000, 0x00000000f0000000|  0%| F|  |TAMS 0x00000000ef000000| PB 0x00000000ef000000| Untracked 
|  80|0x00000000f0000000, 0x00000000f0000000, 0x00000000f1000000|  0%| F|  |TAMS 0x00000000f0000000| PB 0x00000000f0000000| Untracked 
|  81|0x00000000f1000000, 0x00000000f1000000, 0x00000000f2000000|  0%| F|  |TAMS 0x00000000f1000000| PB 0x00000000f1000000| Untracked 
|  82|0x00000000f2000000, 0x00000000f2000000, 0x00000000f3000000|  0%| F|  |TAMS 0x00000000f2000000| PB 0x00000000f2000000| Untracked 
|  83|0x00000000f3000000, 0x00000000f3000000, 0x00000000f4000000|  0%| F|  |TAMS 0x00000000f3000000| PB 0x00000000f3000000| Untracked 
|  84|0x00000000f4000000, 0x00000000f4000000, 0x00000000f5000000|  0%| F|  |TAMS 0x00000000f4000000| PB 0x00000000f4000000| Untracked 
|  85|0x00000000f5000000, 0x00000000f5000000, 0x00000000f6000000|  0%| F|  |TAMS 0x00000000f5000000| PB 0x00000000f5000000| Untracked 
|  86|0x00000000f6000000, 0x00000000f6000000, 0x00000000f7000000|  0%| F|  |TAMS 0x00000000f6000000| PB 0x00000000f6000000| Untracked 
|  87|0x00000000f7000000, 0x00000000f7000000, 0x00000000f8000000|  0%| F|  |TAMS 0x00000000f7000000| PB 0x00000000f7000000| Untracked 
|  88|0x00000000f8000000, 0x00000000f8000000, 0x00000000f9000000|  0%| F|  |TAMS 0x00000000f8000000| PB 0x00000000f8000000| Untracked 
|  89|0x00000000f9000000, 0x00000000f9000000, 0x00000000fa000000|  0%| F|  |TAMS 0x00000000f9000000| PB 0x00000000f9000000| Untracked 
|  90|0x00000000fa000000, 0x00000000fa000000, 0x00000000fb000000|  0%| F|  |TAMS 0x00000000fa000000| PB 0x00000000fa000000| Untracked 
|  91|0x00000000fb000000, 0x00000000fb000000, 0x00000000fc000000|  0%| F|  |TAMS 0x00000000fb000000| PB 0x00000000fb000000| Untracked 
|  92|0x00000000fc000000, 0x00000000fc000000, 0x00000000fd000000|  0%| F|  |TAMS 0x00000000fc000000| PB 0x00000000fc000000| Untracked 
|  93|0x00000000fd000000, 0x00000000fd000000, 0x00000000fe000000|  0%| F|  |TAMS 0x00000000fd000000| PB 0x00000000fd000000| Untracked 
|  94|0x00000000fe000000, 0x00000000fe000000, 0x00000000ff000000|  0%| F|  |TAMS 0x00000000fe000000| PB 0x00000000fe000000| Untracked 
|  95|0x00000000ff000000, 0x00000000ff000000, 0x0000000100000000|  0%| F|  |TAMS 0x00000000ff000000| PB 0x00000000ff000000| Untracked 
|  96|0x0000000100000000, 0x0000000100000000, 0x0000000101000000|  0%| F|  |TAMS 0x0000000100000000| PB 0x0000000100000000| Untracked 
|  97|0x0000000101000000, 0x0000000101000000, 0x0000000102000000|  0%| F|  |TAMS 0x0000000101000000| PB 0x0000000101000000| Untracked 
|  98|0x0000000102000000, 0x0000000102000000, 0x0000000103000000|  0%| F|  |TAMS 0x0000000102000000| PB 0x0000000102000000| Untracked 
|  99|0x0000000103000000, 0x0000000103000000, 0x0000000104000000|  0%| F|  |TAMS 0x0000000103000000| PB 0x0000000103000000| Untracked 
| 100|0x0000000104000000, 0x0000000104000000, 0x0000000105000000|  0%| F|  |TAMS 0x0000000104000000| PB 0x0000000104000000| Untracked 
| 101|0x0000000105000000, 0x0000000105000000, 0x0000000106000000|  0%| F|  |TAMS 0x0000000105000000| PB 0x0000000105000000| Untracked 
| 102|0x0000000106000000, 0x0000000106000000, 0x0000000107000000|  0%| F|  |TAMS 0x0000000106000000| PB 0x0000000106000000| Untracked 
| 103|0x0000000107000000, 0x0000000107000000, 0x0000000108000000|  0%| F|  |TAMS 0x0000000107000000| PB 0x0000000107000000| Untracked 
| 104|0x0000000108000000, 0x0000000108000000, 0x0000000109000000|  0%| F|  |TAMS 0x0000000108000000| PB 0x0000000108000000| Untracked 
| 105|0x0000000109000000, 0x0000000109000000, 0x000000010a000000|  0%| F|  |TAMS 0x0000000109000000| PB 0x0000000109000000| Untracked 
| 106|0x000000010a000000, 0x000000010a000000, 0x000000010b000000|  0%| F|  |TAMS 0x000000010a000000| PB 0x000000010a000000| Untracked 
| 107|0x000000010b000000, 0x000000010b000000, 0x000000010c000000|  0%| F|  |TAMS 0x000000010b000000| PB 0x000000010b000000| Untracked 
| 108|0x000000010c000000, 0x000000010c000000, 0x000000010d000000|  0%| F|  |TAMS 0x000000010c000000| PB 0x000000010c000000| Untracked 
| 109|0x000000010d000000, 0x000000010d000000, 0x000000010e000000|  0%| F|  |TAMS 0x000000010d000000| PB 0x000000010d000000| Untracked 
| 110|0x000000010e000000, 0x000000010e000000, 0x000000010f000000|  0%| F|  |TAMS 0x000000010e000000| PB 0x000000010e000000| Untracked 
| 111|0x000000010f000000, 0x000000010f000000, 0x0000000110000000|  0%| F|  |TAMS 0x000000010f000000| PB 0x000000010f000000| Untracked 
| 112|0x0000000110000000, 0x0000000110000000, 0x0000000111000000|  0%| F|  |TAMS 0x0000000110000000| PB 0x0000000110000000| Untracked 
| 113|0x0000000111000000, 0x0000000111000000, 0x0000000112000000|  0%| F|  |TAMS 0x0000000111000000| PB 0x0000000111000000| Untracked 
| 114|0x0000000112000000, 0x0000000112000000, 0x0000000113000000|  0%| F|  |TAMS 0x0000000112000000| PB 0x0000000112000000| Untracked 
| 115|0x0000000113000000, 0x0000000113000000, 0x0000000114000000|  0%| F|  |TAMS 0x0000000113000000| PB 0x0000000113000000| Untracked 
| 116|0x0000000114000000, 0x0000000114000000, 0x0000000115000000|  0%| F|  |TAMS 0x0000000114000000| PB 0x0000000114000000| Untracked 
| 117|0x0000000115000000, 0x0000000115000000, 0x0000000116000000|  0%| F|  |TAMS 0x0000000115000000| PB 0x0000000115000000| Untracked 
| 118|0x0000000116000000, 0x0000000116000000, 0x0000000117000000|  0%| F|  |TAMS 0x0000000116000000| PB 0x0000000116000000| Untracked 
| 119|0x0000000117000000, 0x0000000117000000, 0x0000000118000000|  0%| F|  |TAMS 0x0000000117000000| PB 0x0000000117000000| Untracked 
| 120|0x0000000118000000, 0x0000000118000000, 0x0000000119000000|  0%| F|  |TAMS 0x0000000118000000| PB 0x0000000118000000| Untracked 
| 121|0x0000000119000000, 0x0000000119000000, 0x000000011a000000|  0%| F|  |TAMS 0x0000000119000000| PB 0x0000000119000000| Untracked 
| 122|0x000000011a000000, 0x000000011b000000, 0x000000011b000000|100%| S|CS|TAMS 0x000000011a000000| PB 0x000000011a000000| Complete 
| 123|0x000000011b000000, 0x000000011b000000, 0x000000011c000000|  0%| F|  |TAMS 0x000000011b000000| PB 0x000000011b000000| Untracked 
| 124|0x000000011c000000, 0x000000011c000000, 0x000000011d000000|  0%| F|  |TAMS 0x000000011c000000| PB 0x000000011c000000| Untracked 
| 125|0x000000011d000000, 0x000000011d000000, 0x000000011e000000|  0%| F|  |TAMS 0x000000011d000000| PB 0x000000011d000000| Untracked 
| 126|0x000000011e000000, 0x000000011e000000, 0x000000011f000000|  0%| F|  |TAMS 0x000000011e000000| PB 0x000000011e000000| Untracked 
| 127|0x000000011f000000, 0x000000011f2dbce0, 0x0000000120000000| 17%| E|  |TAMS 0x000000011f000000| PB 0x000000011f000000| Complete 

Card table byte_map: [0x000002aafb4f0000,0x000002aafeff0000] _byte_map_base: 0x000002aafaff0000

Marking Bits: (CMBitMap*) 0x000002aadf6698e0
 Bits: [0x000002aa80000000, 0x000002aa9d800000)

Polling page: 0x000002aadd4b0000

Metaspace:

Usage:
  Non-class:      6.94 MB used.
      Class:    452.28 KB used.
       Both:      7.38 MB used.

Virtual space:
  Non-class space:       64.00 MB reserved,       7.06 MB ( 11%) committed,  1 nodes.
      Class space:        1.00 GB reserved,     576.00 KB ( <1%) committed,  1 nodes.
             Both:        1.06 GB reserved,       7.62 MB ( <1%) committed. 

Chunk freelists:
   Non-Class:  7.52 MB
       Class:  15.48 MB
        Both:  23.00 MB

MaxMetaspaceSize: unlimited
CompressedClassSpaceSize: 1.00 GB
Initial GC threshold: 21.00 MB
Current GC threshold: 21.00 MB
CDS: on
 - commit_granule_bytes: 65536.
 - commit_granule_words: 8192.
 - virtual_space_node_default_size: 8388608.
 - enlarge_chunks_in_place: 1.
 - use_allocation_guard: 0.


Internal statistics:

num_allocs_failed_limit: 0.
num_arena_births: 128.
num_arena_deaths: 0.
num_vsnodes_births: 2.
num_vsnodes_deaths: 0.
num_space_committed: 120.
num_space_uncommitted: 0.
num_chunks_returned_to_freelist: 0.
num_chunks_taken_from_freelist: 325.
num_chunk_merges: 0.
num_chunk_splits: 227.
num_chunks_enlarged: 170.
num_inconsistent_stats: 0.

CodeHeap 'non-profiled nmethods': size=119168Kb used=835Kb max_used=835Kb free=118332Kb
 bounds [0x000002aaef5c0000, 0x000002aaef830000, 0x000002aaf6a20000]
CodeHeap 'profiled nmethods': size=119104Kb used=2429Kb max_used=2429Kb free=116674Kb
 bounds [0x000002aae7a20000, 0x000002aae7c90000, 0x000002aaeee70000]
CodeHeap 'non-nmethods': size=7488Kb used=3930Kb max_used=4022Kb free=3557Kb
 bounds [0x000002aaeee70000, 0x000002aaef270000, 0x000002aaef5c0000]
 total_blobs=2609 nmethods=1421 adapters=1090
 compilation: enabled
              stopped_count=0, restarted_count=0
 full_count=0

Compilation events (20 events):
Event: 0.813 Thread 0x000002ab4115b5c0 1404       3       org.joml.Matrix4f::_m02 (7 bytes)
Event: 0.813 Thread 0x000002ab418945d0 nmethod 1402 0x000002aae7c76990 code [0x000002aae7c76b20, 0x000002aae7c76c38]
Event: 0.813 Thread 0x000002ab4189cb60 nmethod 1401 0x000002aae7c76d10 code [0x000002aae7c76ea0, 0x000002aae7c76fb8]
Event: 0.813 Thread 0x000002ab412213d0 nmethod 1403 0x000002aae7c77090 code [0x000002aae7c77220, 0x000002aae7c77338]
Event: 0.813 Thread 0x000002ab4115b5c0 nmethod 1404 0x000002aae7c77410 code [0x000002aae7c775a0, 0x000002aae7c776b8]
Event: 0.813 Thread 0x000002ab418945d0 1405       3       org.joml.Matrix4f::_m10 (7 bytes)
Event: 0.813 Thread 0x000002ab4189cb60 1406       3       org.joml.Matrix4f::_m12 (7 bytes)
Event: 0.814 Thread 0x000002ab418945d0 nmethod 1405 0x000002aae7c77790 code [0x000002aae7c77920, 0x000002aae7c77a38]
Event: 0.814 Thread 0x000002ab4189cb60 nmethod 1406 0x000002aae7c77b10 code [0x000002aae7c77ca0, 0x000002aae7c77db8]
Event: 0.814 Thread 0x000002ab418945d0 1407       3       com.thatsoulyguy.terracraft.render.ShaderObject::SetUniform (23 bytes)
Event: 0.814 Thread 0x000002ab4115b5c0 1408       3       org.joml.Matrix4f::get (14 bytes)
Event: 0.814 Thread 0x000002ab412213d0 1409       3       org.joml.MemUtil$MemUtilUnsafe::put (40 bytes)
Event: 0.814 Thread 0x000002ab4189cb60 1410       3       org.joml.MemUtil$MemUtilUnsafe::put (43 bytes)
Event: 0.814 Thread 0x000002ab4115b5c0 nmethod 1408 0x000002aae7c77e90 code [0x000002aae7c78040, 0x000002aae7c781d8]
Event: 0.814 Thread 0x000002ab4189cb60 nmethod 1410 0x000002aae7c78290 code [0x000002aae7c78460, 0x000002aae7c787d0]
Event: 0.814 Thread 0x000002ab412213d0 nmethod 1409 0x000002aae7c78910 code [0x000002aae7c78ac0, 0x000002aae7c78cf8]
Event: 0.814 Thread 0x000002ab4115b5c0 1411       3       org.lwjgl.opengl.GL20::glUniformMatrix4fv (7 bytes)
Event: 0.814 Thread 0x000002ab418945d0 nmethod 1407 0x000002aae7c78e10 code [0x000002aae7c79040, 0x000002aae7c79610]
Event: 0.814 Thread 0x000002ab4189cb60 1412       3       org.lwjgl.opengl.GL20C::glUniformMatrix4fv (16 bytes)
Event: 0.814 Thread 0x000002ab4115b5c0 nmethod 1411 0x000002aae7c79910 code [0x000002aae7c79ac0, 0x000002aae7c79bd8]

GC Heap History (2 events):
Event: 0.760 GC heap before
{Heap before GC invocations=0 (full 0):
 garbage-first heap   total 2097152K, used 98304K [0x00000000a0000000, 0x0000000800000000)
  region size 16384K, 6 young (98304K), 0 survivors (0K)
 Metaspace       used 7520K, committed 7744K, reserved 1114112K
  class space    used 451K, committed 576K, reserved 1048576K
}
Event: 0.766 GC heap after
{Heap after GC invocations=1 (full 0):
 garbage-first heap   total 2097152K, used 19056K [0x00000000a0000000, 0x0000000800000000)
  region size 16384K, 1 young (16384K), 1 survivors (16384K)
 Metaspace       used 7520K, committed 7744K, reserved 1114112K
  class space    used 451K, committed 576K, reserved 1048576K
}

Dll operation events (14 events):
Event: 0.004 Loaded shared library C:\Program Files\Java\jdk-21\bin\java.dll
Event: 0.024 Loaded shared library C:\Program Files\Java\jdk-21\bin\jsvml.dll
Event: 0.049 Loaded shared library C:\Program Files\Java\jdk-21\bin\zip.dll
Event: 0.050 Loaded shared library C:\Program Files\Java\jdk-21\bin\instrument.dll
Event: 0.052 Loaded shared library C:\Program Files\Java\jdk-21\bin\net.dll
Event: 0.053 Loaded shared library C:\Program Files\Java\jdk-21\bin\nio.dll
Event: 0.054 Loaded shared library C:\Program Files\Java\jdk-21\bin\zip.dll
Event: 0.074 Loaded shared library C:\Program Files\IDEACommunityEdition\bin\breakgen64.dll
Event: 0.077 Loaded shared library C:\Program Files\Java\jdk-21\bin\extnet.dll
Event: 0.078 Loaded shared library C:\Program Files\Java\jdk-21\bin\verify.dll
Event: 0.103 Loaded shared library C:\Program Files\Java\jdk-21\bin\jimage.dll
Event: 0.136 Loaded shared library C:\Users\bkmcm\AppData\Local\Temp\lwjgl_bkmcm\3.3.3+5\x64\lwjgl.dll
Event: 0.213 Loaded shared library C:\Users\bkmcm\AppData\Local\Temp\lwjgl_bkmcm\3.3.3+5\x64\lwjgl_stb.dll
Event: 0.379 Loaded shared library C:\Users\bkmcm\AppData\Local\Temp\lwjgl_bkmcm\3.3.3+5\x64\lwjgl_opengl.dll

Deoptimization events (20 events):
Event: 0.797 Thread 0x000002ab4711c4f0 DEOPT PACKING pc=0x000002aae7c3a1b7 sp=0x000000d46fcfeb70
Event: 0.797 Thread 0x000002ab4711c4f0 DEOPT UNPACKING pc=0x000002aaeeec4e42 sp=0x000000d46fcfe0f8 mode 0
Event: 0.799 Thread 0x000002ab4711c4f0 DEOPT PACKING pc=0x000002aae7c31ac3 sp=0x000000d46fcfe9f0
Event: 0.799 Thread 0x000002ab4711c4f0 DEOPT UNPACKING pc=0x000002aaeeec4e42 sp=0x000000d46fcfdf88 mode 0
Event: 0.801 Thread 0x000002ab4711c4f0 DEOPT PACKING pc=0x000002aae7c3a1b7 sp=0x000000d46fcfeb70
Event: 0.801 Thread 0x000002ab4711c4f0 DEOPT UNPACKING pc=0x000002aaeeec4e42 sp=0x000000d46fcfe0f8 mode 0
Event: 0.802 Thread 0x000002ab4711c4f0 Uncommon trap: trap_request=0xffffff45 fr.pc=0x000002aaef63c290 relative=0x0000000000000450
Event: 0.802 Thread 0x000002ab4711c4f0 Uncommon trap: reason=unstable_if action=reinterpret pc=0x000002aaef63c290 method=org.spongepowered.noise.Noise.gradientCoherentNoise3D(DDDILorg/spongepowered/noise/NoiseQuality;)D @ 3 c2
Event: 0.802 Thread 0x000002ab4711c4f0 DEOPT PACKING pc=0x000002aaef63c290 sp=0x000000d46fcfeb90
Event: 0.802 Thread 0x000002ab4711c4f0 DEOPT UNPACKING pc=0x000002aaeeec46a2 sp=0x000000d46fcfea60 mode 2
Event: 0.805 Thread 0x000002ab4711c4f0 DEOPT PACKING pc=0x000002aae7c31ac3 sp=0x000000d46fcfe9f0
Event: 0.805 Thread 0x000002ab4711c4f0 DEOPT UNPACKING pc=0x000002aaeeec4e42 sp=0x000000d46fcfdf88 mode 0
Event: 0.806 Thread 0x000002ab4711c4f0 DEOPT PACKING pc=0x000002aae7c3a1b7 sp=0x000000d46fcfeb70
Event: 0.806 Thread 0x000002ab4711c4f0 DEOPT UNPACKING pc=0x000002aaeeec4e42 sp=0x000000d46fcfe0f8 mode 0
Event: 0.809 Thread 0x000002ab4711c4f0 DEOPT PACKING pc=0x000002aae7c31ac3 sp=0x000000d46fcfe9f0
Event: 0.809 Thread 0x000002ab4711c4f0 DEOPT UNPACKING pc=0x000002aaeeec4e42 sp=0x000000d46fcfdf88 mode 0
Event: 0.811 Thread 0x000002ab4711c4f0 DEOPT PACKING pc=0x000002aae7c3a1b7 sp=0x000000d46fcfeb70
Event: 0.811 Thread 0x000002ab4711c4f0 DEOPT UNPACKING pc=0x000002aaeeec4e42 sp=0x000000d46fcfe0f8 mode 0
Event: 0.814 Thread 0x000002ab4711c4f0 DEOPT PACKING pc=0x000002aae7c31ac3 sp=0x000000d46fcfe9f0
Event: 0.814 Thread 0x000002ab4711c4f0 DEOPT UNPACKING pc=0x000002aaeeec4e42 sp=0x000000d46fcfdf88 mode 0

Classes loaded (20 events):
Event: 0.609 Loading class java/util/concurrent/LinkedBlockingQueue$Node
Event: 0.609 Loading class java/util/concurrent/LinkedBlockingQueue$Node done
Event: 0.610 Loading class java/lang/Thread$ThreadNumbering
Event: 0.610 Loading class java/lang/Thread$ThreadNumbering done
Event: 0.610 Loading class java/util/concurrent/FutureTask
Event: 0.610 Loading class java/util/concurrent/RunnableFuture
Event: 0.610 Loading class java/util/concurrent/RunnableFuture done
Event: 0.610 Loading class java/util/concurrent/FutureTask done
Event: 0.610 Loading class java/util/concurrent/FutureTask$WaitNode
Event: 0.610 Loading class java/util/concurrent/FutureTask$WaitNode done
Event: 0.610 Loading class java/util/concurrent/Executors$RunnableAdapter
Event: 0.610 Loading class java/util/concurrent/Callable
Event: 0.610 Loading class java/util/concurrent/Callable done
Event: 0.610 Loading class java/util/concurrent/Executors$RunnableAdapter done
Event: 0.610 Loading class java/util/concurrent/ThreadPoolExecutor$Worker
Event: 0.610 Loading class java/util/concurrent/ThreadPoolExecutor$Worker done
Event: 0.611 Loading class java/lang/NumberFormatException
Event: 0.611 Loading class java/lang/NumberFormatException done
Event: 0.781 Loading class java/util/concurrent/ConcurrentHashMap$TableStack
Event: 0.781 Loading class java/util/concurrent/ConcurrentHashMap$TableStack done

Classes unloaded (0 events):
No events

Classes redefined (0 events):
No events

Internal exceptions (20 events):
Event: 0.163 Thread 0x000002ab418a72f0 Exception <a 'java/lang/NoSuchMethodError'{0x000000011e6316c8}: 'int java.lang.invoke.DirectMethodHandle$Holder.invokeStaticInit(java.lang.Object, java.lang.Object, int, long)'> (0x000000011e6316c8) 
thrown [s\open\src\hotspot\share\interpreter\linkResolver.cpp, line 773]
Event: 0.163 Thread 0x000002ab418a72f0 Exception <a 'java/lang/NoSuchMethodError'{0x000000011e6366f0}: 'java.lang.Object java.lang.invoke.DirectMethodHandle$Holder.newInvokeSpecial(java.lang.Object, java.lang.Object, int)'> (0x000000011e6366f0) 
thrown [s\open\src\hotspot\share\interpreter\linkResolver.cpp, line 773]
Event: 0.164 Thread 0x000002ab418a72f0 Exception <a 'java/lang/NoSuchMethodError'{0x000000011e644988}: 'int java.lang.invoke.DirectMethodHandle$Holder.invokeStaticInit(java.lang.Object, java.lang.Object, long, long)'> (0x000000011e644988) 
thrown [s\open\src\hotspot\share\interpreter\linkResolver.cpp, line 773]
Event: 0.164 Thread 0x000002ab418a72f0 Exception <a 'java/lang/NoSuchMethodError'{0x000000011e64a1f0}: 'java.lang.Object java.lang.invoke.DirectMethodHandle$Holder.newInvokeSpecial(java.lang.Object, java.lang.Object, long)'> (0x000000011e64a1f0) 
thrown [s\open\src\hotspot\share\interpreter\linkResolver.cpp, line 773]
Event: 0.165 Thread 0x000002ab418a72f0 Exception <a 'java/lang/NoSuchMethodError'{0x000000011e64dfa8}: 'java.lang.Object java.lang.invoke.Invokers$Holder.linkToTargetMethod(java.lang.Object, long, java.lang.Object)'> (0x000000011e64dfa8) 
thrown [s\open\src\hotspot\share\interpreter\linkResolver.cpp, line 773]
Event: 0.165 Thread 0x000002ab418a72f0 Exception <a 'java/lang/NoSuchMethodError'{0x000000011e655030}: 'int java.lang.invoke.DirectMethodHandle$Holder.invokeStaticInit(java.lang.Object, java.lang.Object, java.lang.Object, long)'> (0x000000011e655030) 
thrown [s\open\src\hotspot\share\interpreter\linkResolver.cpp, line 773]
Event: 0.178 Thread 0x000002ab418a72f0 Exception <a 'sun/nio/fs/WindowsException'{0x000000011e6fa7c8}> (0x000000011e6fa7c8) 
thrown [s\open\src\hotspot\share\prims\jni.cpp, line 520]
Event: 0.179 Thread 0x000002ab418a72f0 Exception <a 'sun/nio/fs/WindowsException'{0x000000011e6fab28}> (0x000000011e6fab28) 
thrown [s\open\src\hotspot\share\prims\jni.cpp, line 520]
Event: 0.183 Thread 0x000002ab418a72f0 Exception <a 'java/lang/NoSuchMethodError'{0x000000011e710070}: 'int java.lang.invoke.Invokers$Holder.invokeExact_MT(java.lang.Object, java.lang.Object)'> (0x000000011e710070) 
thrown [s\open\src\hotspot\share\interpreter\linkResolver.cpp, line 773]
Event: 0.207 Thread 0x000002ab418a72f0 Exception <a 'java/lang/NoSuchMethodError'{0x000000011e7e51c8}: 'void java.lang.System.load(java.lang.String, java.lang.Class)'> (0x000000011e7e51c8) 
thrown [s\open\src\hotspot\share\interpreter\linkResolver.cpp, line 773]
Event: 0.208 Thread 0x000002ab418a72f0 Exception <a 'java/lang/NoSuchMethodError'{0x000000011e7e7b68}: 'void java.lang.System.loadLibrary(java.lang.String, java.lang.Class)'> (0x000000011e7e7b68) 
thrown [s\open\src\hotspot\share\interpreter\linkResolver.cpp, line 773]
Event: 0.212 Thread 0x000002ab418a72f0 Exception <a 'sun/nio/fs/WindowsException'{0x000000011e7f7f28}> (0x000000011e7f7f28) 
thrown [s\open\src\hotspot\share\prims\jni.cpp, line 520]
Event: 0.212 Thread 0x000002ab418a72f0 Exception <a 'sun/nio/fs/WindowsException'{0x000000011e7f82a8}> (0x000000011e7f82a8) 
thrown [s\open\src\hotspot\share\prims\jni.cpp, line 520]
Event: 0.374 Thread 0x000002ab418a72f0 Exception <a 'java/lang/NoSuchMethodError'{0x000000011e84af38}: 'void java.lang.System.load(java.lang.String, java.lang.Class)'> (0x000000011e84af38) 
thrown [s\open\src\hotspot\share\interpreter\linkResolver.cpp, line 773]
Event: 0.375 Thread 0x000002ab418a72f0 Exception <a 'java/lang/NoSuchMethodError'{0x000000011e84d8d8}: 'void java.lang.System.loadLibrary(java.lang.String, java.lang.Class)'> (0x000000011e84d8d8) 
thrown [s\open\src\hotspot\share\interpreter\linkResolver.cpp, line 773]
Event: 0.378 Thread 0x000002ab418a72f0 Exception <a 'sun/nio/fs/WindowsException'{0x000000011e85dc80}> (0x000000011e85dc80) 
thrown [s\open\src\hotspot\share\prims\jni.cpp, line 520]
Event: 0.378 Thread 0x000002ab418a72f0 Exception <a 'sun/nio/fs/WindowsException'{0x000000011e85e020}> (0x000000011e85e020) 
thrown [s\open\src\hotspot\share\prims\jni.cpp, line 520]
Event: 0.380 Thread 0x000002ab418a72f0 Exception <a 'sun/nio/fs/WindowsException'{0x000000011e867958}> (0x000000011e867958) 
thrown [s\open\src\hotspot\share\prims\jni.cpp, line 520]
Event: 0.380 Thread 0x000002ab418a72f0 Exception <a 'sun/nio/fs/WindowsException'{0x000000011e867c28}> (0x000000011e867c28) 
thrown [s\open\src\hotspot\share\prims\jni.cpp, line 520]
Event: 0.608 Thread 0x000002ab418a72f0 Exception <a 'java/lang/NoSuchMethodError'{0x000000011edfac40}: 'void java.lang.invoke.DirectMethodHandle$Holder.invokeStaticInit(java.lang.Object, java.lang.Object, java.lang.Object)'> (0x000000011edfac40) 
thrown [s\open\src\hotspot\share\interpreter\linkResolver.cpp, line 773]

ZGC Phase Switch (0 events):
No events

VM Operations (18 events):
Event: 0.044 Executing VM operation: HandshakeAllThreads (Deoptimize)
Event: 0.044 Executing VM operation: HandshakeAllThreads (Deoptimize) done
Event: 0.122 Executing VM operation: HandshakeAllThreads (Deoptimize)
Event: 0.122 Executing VM operation: HandshakeAllThreads (Deoptimize) done
Event: 0.132 Executing VM operation: HandshakeAllThreads (Deoptimize)
Event: 0.132 Executing VM operation: HandshakeAllThreads (Deoptimize) done
Event: 0.549 Executing VM operation: HandshakeAllThreads (Deoptimize)
Event: 0.549 Executing VM operation: HandshakeAllThreads (Deoptimize) done
Event: 0.610 Executing VM operation: HandshakeAllThreads (Deoptimize)
Event: 0.611 Executing VM operation: HandshakeAllThreads (Deoptimize) done
Event: 0.611 Executing VM operation: HandshakeAllThreads (Deoptimize)
Event: 0.611 Executing VM operation: HandshakeAllThreads (Deoptimize) done
Event: 0.626 Executing VM operation: ICBufferFull
Event: 0.626 Executing VM operation: ICBufferFull done
Event: 0.637 Executing VM operation: HandshakeAllThreads (Deoptimize)
Event: 0.637 Executing VM operation: HandshakeAllThreads (Deoptimize) done
Event: 0.760 Executing VM operation: G1CollectForAllocation (G1 Evacuation Pause)
Event: 0.766 Executing VM operation: G1CollectForAllocation (G1 Evacuation Pause) done

Events (20 events):
Event: 0.022 Thread 0x000002ab41155be0 Thread added: 0x000002ab41155be0
Event: 0.022 Thread 0x000002ab411567f0 Thread added: 0x000002ab411567f0
Event: 0.022 Thread 0x000002ab41157860 Thread added: 0x000002ab41157860
Event: 0.023 Thread 0x000002ab4115b5c0 Thread added: 0x000002ab4115b5c0
Event: 0.025 Thread 0x000002ab412213d0 Thread added: 0x000002ab412213d0
Event: 0.041 Thread 0x000002aaf79eaf40 Thread added: 0x000002aaf79eaf40
Event: 0.047 Thread 0x000002ab412f76f0 Thread added: 0x000002ab412f76f0
Event: 0.074 Thread 0x000002ab41796970 Thread added: 0x000002ab41796970
Event: 0.074 Thread 0x000002ab41798a00 Thread added: 0x000002ab41798a00
Event: 0.093 Thread 0x000002ab418a72f0 Thread added: 0x000002ab418a72f0
Event: 0.093 Thread 0x000002aadf5c6490 Thread exited: 0x000002aadf5c6490
Event: 0.093 Thread 0x000002aadf5c6490 Thread added: 0x000002aadf5c6490
Event: 0.098 Thread 0x000002ab418945d0 Thread added: 0x000002ab418945d0
Event: 0.098 Thread 0x000002ab4189cb60 Thread added: 0x000002ab4189cb60
Event: 0.102 Thread 0x000002ab418a2800 Thread added: 0x000002ab418a2800
Event: 0.375 Thread 0x000002ab418a2800 Thread exited: 0x000002ab418a2800
Event: 0.611 Thread 0x000002ab4711c4f0 Thread added: 0x000002ab4711c4f0
Event: 0.641 Thread 0x000002ab47205de0 Thread added: 0x000002ab47205de0
Event: 0.783 Thread 0x000002ab507277e0 Thread added: 0x000002ab507277e0
Event: 0.783 Thread 0x000002ab50b09ec0 Thread added: 0x000002ab50b09ec0


Dynamic libraries:
0x00007ff6f5c90000 - 0x00007ff6f5ca0000 	C:\Program Files\Java\jdk-21\bin\java.exe
0x00007fffc9cd0000 - 0x00007fffc9ee7000 	C:\WINDOWS\SYSTEM32\ntdll.dll
0x00007fffc8260000 - 0x00007fffc8324000 	C:\WINDOWS\System32\KERNEL32.DLL
0x00007fffc7500000 - 0x00007fffc78a6000 	C:\WINDOWS\System32\KERNELBASE.dll
0x00007fffc70b0000 - 0x00007fffc71c1000 	C:\WINDOWS\System32\ucrtbase.dll
0x00007fffbe510000 - 0x00007fffbe529000 	C:\Program Files\Java\jdk-21\bin\jli.dll
0x00007fffbe260000 - 0x00007fffbe27b000 	C:\Program Files\Java\jdk-21\bin\VCRUNTIME140.dll
0x00007fffc8d70000 - 0x00007fffc8e21000 	C:\WINDOWS\System32\ADVAPI32.dll
0x00007fffc9910000 - 0x00007fffc99b7000 	C:\WINDOWS\System32\msvcrt.dll
0x00007fffc9860000 - 0x00007fffc9905000 	C:\WINDOWS\System32\sechost.dll
0x00007fffc8e30000 - 0x00007fffc8f47000 	C:\WINDOWS\System32\RPCRT4.dll
0x00007fffc89e0000 - 0x00007fffc8b8e000 	C:\WINDOWS\System32\USER32.dll
0x00007fffc71d0000 - 0x00007fffc71f6000 	C:\WINDOWS\System32\win32u.dll
0x00007fff9daa0000 - 0x00007fff9dd33000 	C:\WINDOWS\WinSxS\amd64_microsoft.windows.common-controls_6595b64144ccf1df_6.0.22621.2506_none_270c5ae97388e100\COMCTL32.dll
0x00007fffc7a20000 - 0x00007fffc7a49000 	C:\WINDOWS\System32\GDI32.dll
0x00007fffc7200000 - 0x00007fffc7318000 	C:\WINDOWS\System32\gdi32full.dll
0x00007fffc7460000 - 0x00007fffc74fa000 	C:\WINDOWS\System32\msvcp_win.dll
0x00007fffbfa40000 - 0x00007fffbfa4a000 	C:\WINDOWS\SYSTEM32\VERSION.dll
0x00007fffc8170000 - 0x00007fffc81a1000 	C:\WINDOWS\System32\IMM32.DLL
0x00007fffbedb0000 - 0x00007fffbedbc000 	C:\Program Files\Java\jdk-21\bin\vcruntime140_1.dll
0x00007fff952d0000 - 0x00007fff9535e000 	C:\Program Files\Java\jdk-21\bin\msvcp140.dll
0x00007fff7f3e0000 - 0x00007fff800f3000 	C:\Program Files\Java\jdk-21\bin\server\jvm.dll
0x00007fffc8cf0000 - 0x00007fffc8d61000 	C:\WINDOWS\System32\WS2_32.dll
0x00007fffc5e50000 - 0x00007fffc5e9d000 	C:\WINDOWS\SYSTEM32\POWRPROF.dll
0x00007fffbff90000 - 0x00007fffbffc4000 	C:\WINDOWS\SYSTEM32\WINMM.dll
0x00007fffc5e30000 - 0x00007fffc5e43000 	C:\WINDOWS\SYSTEM32\UMPDC.dll
0x00007fffc6050000 - 0x00007fffc6068000 	C:\WINDOWS\SYSTEM32\kernel.appcore.dll
0x00007fffbe250000 - 0x00007fffbe25a000 	C:\Program Files\Java\jdk-21\bin\jimage.dll
0x00007fffc4890000 - 0x00007fffc4ac3000 	C:\WINDOWS\SYSTEM32\DBGHELP.DLL
0x00007fffc7c20000 - 0x00007fffc7fa9000 	C:\WINDOWS\System32\combase.dll
0x00007fffc7b40000 - 0x00007fffc7c17000 	C:\WINDOWS\System32\OLEAUT32.dll
0x00007fffbf310000 - 0x00007fffbf342000 	C:\WINDOWS\SYSTEM32\dbgcore.DLL
0x00007fffc7320000 - 0x00007fffc739a000 	C:\WINDOWS\System32\bcryptPrimitives.dll
0x00007fffba1b0000 - 0x00007fffba1bf000 	C:\Program Files\Java\jdk-21\bin\instrument.dll
0x00007fffbdca0000 - 0x00007fffbdcbf000 	C:\Program Files\Java\jdk-21\bin\java.dll
0x00007fffc9000000 - 0x00007fffc985a000 	C:\WINDOWS\System32\SHELL32.dll
0x00007fffc4f20000 - 0x00007fffc5816000 	C:\WINDOWS\SYSTEM32\windows.storage.dll
0x00007fffc4de0000 - 0x00007fffc4f1e000 	C:\WINDOWS\SYSTEM32\wintypes.dll
0x00007fffc8ba0000 - 0x00007fffc8c93000 	C:\WINDOWS\System32\SHCORE.dll
0x00007fffc81c0000 - 0x00007fffc821e000 	C:\WINDOWS\System32\shlwapi.dll
0x00007fffc6f70000 - 0x00007fffc6f96000 	C:\WINDOWS\SYSTEM32\profapi.dll
0x00007fff8e940000 - 0x00007fff8ea17000 	C:\Program Files\Java\jdk-21\bin\jsvml.dll
0x00007fffbdc60000 - 0x00007fffbdc78000 	C:\Program Files\Java\jdk-21\bin\zip.dll
0x00007fffbe240000 - 0x00007fffbe250000 	C:\Program Files\Java\jdk-21\bin\net.dll
0x00007fffc0e40000 - 0x00007fffc0f77000 	C:\WINDOWS\SYSTEM32\WINHTTP.dll
0x00007fffc6560000 - 0x00007fffc65c9000 	C:\WINDOWS\system32\mswsock.dll
0x00007fffbdc80000 - 0x00007fffbdc96000 	C:\Program Files\Java\jdk-21\bin\nio.dll
0x00007fffb7070000 - 0x00007fffb708a000 	C:\Program Files\IDEACommunityEdition\bin\breakgen64.dll
0x00007fffbdc00000 - 0x00007fffbdc07000 	C:\Program Files\Java\jdk-21\bin\extnet.dll
0x00007fffbdbe0000 - 0x00007fffbdbf0000 	C:\Program Files\Java\jdk-21\bin\verify.dll
0x00007fffb6eb0000 - 0x00007fffb6f2b000 	C:\Users\bkmcm\AppData\Local\Temp\lwjgl_bkmcm\3.3.3+5\x64\lwjgl.dll
0x00007fffb6ca0000 - 0x00007fffb6d22000 	C:\Users\bkmcm\AppData\Local\Temp\lwjgl_bkmcm\3.3.3+5\x64\glfw.dll
0x00007fff7d950000 - 0x00007fff7d996000 	C:\WINDOWS\SYSTEM32\dinput8.dll
0x00007fffb6bd0000 - 0x00007fffb6be1000 	C:\WINDOWS\SYSTEM32\xinput1_4.dll
0x00007fffc6d00000 - 0x00007fffc6d4e000 	C:\WINDOWS\SYSTEM32\cfgmgr32.dll
0x00007fffc6d50000 - 0x00007fffc6d7c000 	C:\WINDOWS\SYSTEM32\DEVOBJ.dll
0x00007fffc4240000 - 0x00007fffc426b000 	C:\WINDOWS\SYSTEM32\dwmapi.dll
0x00007fff93a20000 - 0x00007fff93c2a000 	C:\WINDOWS\SYSTEM32\inputhost.dll
0x00007fffc37d0000 - 0x00007fffc3903000 	C:\WINDOWS\SYSTEM32\CoreMessaging.dll
0x00007fffc3fc0000 - 0x00007fffc406b000 	C:\WINDOWS\system32\uxtheme.dll
0x00007fffc6890000 - 0x00007fffc689c000 	C:\WINDOWS\SYSTEM32\CRYPTBASE.DLL
0x00007fffc9b40000 - 0x00007fffc9c90000 	C:\WINDOWS\System32\MSCTF.dll
0x00007fff87fb0000 - 0x00007fff88032000 	C:\Users\bkmcm\AppData\Local\Temp\lwjgl_bkmcm\3.3.3+5\x64\lwjgl_stb.dll
0x00007fff8dc30000 - 0x00007fff8dd30000 	C:\WINDOWS\SYSTEM32\opengl32.dll
0x00007fffbe490000 - 0x00007fffbe4bd000 	C:\WINDOWS\SYSTEM32\GLU32.dll
0x00007fffc42b0000 - 0x00007fffc42e6000 	C:\WINDOWS\SYSTEM32\dxcore.dll
0x00007fffc8f50000 - 0x00007fffc9000000 	C:\WINDOWS\System32\clbcatq.dll
0x00007fff4c500000 - 0x00007fff4f0f0000 	C:\WINDOWS\System32\DriverStore\FileRepository\nv_dispi.inf_amd64_866484083fc526af\nvoglv64.dll
0x00007fffc84d0000 - 0x00007fffc8944000 	C:\WINDOWS\System32\SETUPAPI.dll
0x00007fffc8330000 - 0x00007fffc84d0000 	C:\WINDOWS\System32\ole32.dll
0x00007fffc5ea0000 - 0x00007fffc5eb4000 	C:\WINDOWS\SYSTEM32\WTSAPI32.dll
0x00007fffc6ce0000 - 0x00007fffc6cf2000 	C:\WINDOWS\SYSTEM32\msasn1.dll
0x00007fffbf9d0000 - 0x00007fffbfa02000 	C:\WINDOWS\SYSTEM32\cryptnet.dll
0x00007fffc78b0000 - 0x00007fffc7a16000 	C:\WINDOWS\System32\CRYPT32.dll
0x00007fffbf7e0000 - 0x00007fffbf938000 	C:\WINDOWS\SYSTEM32\drvstore.dll
0x00007fffc67e0000 - 0x00007fffc682b000 	C:\WINDOWS\SYSTEM32\wldp.dll
0x00007fffc7040000 - 0x00007fffc70ab000 	C:\WINDOWS\System32\wintrust.dll
0x00007fffc8240000 - 0x00007fffc825f000 	C:\WINDOWS\System32\imagehlp.dll
0x00007fffc68b0000 - 0x00007fffc68cb000 	C:\WINDOWS\SYSTEM32\CRYPTSP.dll
0x00007fffc6070000 - 0x00007fffc60a5000 	C:\WINDOWS\system32\rsaenh.dll
0x00007fffc69d0000 - 0x00007fffc69f8000 	C:\WINDOWS\SYSTEM32\bcrypt.dll
0x00007fffc65d0000 - 0x00007fffc65f6000 	C:\WINDOWS\SYSTEM32\gpapi.dll
0x00007fffb2800000 - 0x00007fffb49ee000 	C:\WINDOWS\System32\DriverStore\FileRepository\nv_dispi.inf_amd64_866484083fc526af\nvgpucomp64.dll
0x00007fffc6110000 - 0x00007fffc6144000 	C:\WINDOWS\SYSTEM32\ntmarta.dll
0x00007fff08480000 - 0x00007fff08751000 	C:\WINDOWS\system32\nvspcap64.dll
0x00007fffc5a70000 - 0x00007fffc5ad6000 	C:\WINDOWS\SYSTEM32\WINSTA.dll
0x00007fff8eab0000 - 0x00007fff8eb0e000 	C:\Users\bkmcm\AppData\Local\Temp\lwjgl_bkmcm\3.3.3+5\x64\lwjgl_opengl.dll
0x00007fff99880000 - 0x00007fff999ca000 	C:\WINDOWS\SYSTEM32\textinputframework.dll
0x00007fffb9530000 - 0x00007fffb989c000 	C:\WINDOWS\SYSTEM32\CoreUIComponents.dll

dbghelp: loaded successfully - version: 4.0.5 - missing functions: none
symbol engine: initialized successfully - sym options: 0x614 - pdb path: .;C:\Program Files\Java\jdk-21\bin;C:\WINDOWS\SYSTEM32;C:\WINDOWS\WinSxS\amd64_microsoft.windows.common-controls_6595b64144ccf1df_6.0.22621.2506_none_270c5ae97388e100;C:\Program Files\Java\jdk-21\bin\server;C:\Program Files\IDEACommunityEdition\bin;C:\Users\bkmcm\AppData\Local\Temp\lwjgl_bkmcm\3.3.3+5\x64;C:\WINDOWS\System32\DriverStore\FileRepository\nv_dispi.inf_amd64_866484083fc526af

VM Arguments:
jvm_args: -javaagent:C:\Program Files\IDEACommunityEdition\lib\idea_rt.jar=51282:C:\Program Files\IDEACommunityEdition\bin -Dfile.encoding=UTF-8 -Dsun.stdout.encoding=UTF-8 -Dsun.stderr.encoding=UTF-8 
java_command: com.thatsoulyguy.terracraft.Terracraft
java_class_path (initial): C:\Users\bkmcm\IdeaProjects\Terracraft\target\classes;C:\Users\bkmcm\.m2\repository\org\openjfx\javafx-controls\21-ea+24\javafx-controls-21-ea+24.jar;C:\Users\bkmcm\.m2\repository\org\openjfx\javafx-controls\21-ea+24\javafx-controls-21-ea+24-win.jar;C:\Users\bkmcm\.m2\repository\org\openjfx\javafx-graphics\21-ea+24\javafx-graphics-21-ea+24.jar;C:\Users\bkmcm\.m2\repository\org\openjfx\javafx-graphics\21-ea+24\javafx-graphics-21-ea+24-win.jar;C:\Users\bkmcm\.m2\repository\org\openjfx\javafx-base\21-ea+24\javafx-base-21-ea+24.jar;C:\Users\bkmcm\.m2\repository\org\openjfx\javafx-base\21-ea+24\javafx-base-21-ea+24-win.jar;C:\Users\bkmcm\.m2\repository\org\openjfx\javafx-fxml\21-ea+24\javafx-fxml-21-ea+24.jar;C:\Users\bkmcm\.m2\repository\org\openjfx\javafx-fxml\21-ea+24\javafx-fxml-21-ea+24-win.jar;C:\Users\bkmcm\.m2\repository\org\lwjgl\lwjgl\3.3.3\lwjgl-3.3.3.jar;C:\Users\bkmcm\.m2\repository\org\lwjgl\lwjgl-assimp\3.3.3\lwjgl-assimp-3.3.3.jar;C:\Users\bkmcm\.m2\repository\org\lwjgl\lwjgl-bgfx\3.3.3\lwjgl-bgfx-3.3.3.jar;C:\Users\bkmcm\.m2\repository\org\lwjgl\lwjgl-freetype\3.3.3\lwjgl-freetype-3.3.3.jar;C:\Users\bkmcm\.m2\repository\org\lwjgl\lwjgl-glfw\3.3.3\lwjgl-glfw-3.3.3.jar;C:\Users\bkmcm\.m2\repository\org\lwjgl\lwjgl-jawt\3.3.3\lwjgl-jawt-3.3.3.jar;C:\Users\bkmcm\.m2\repository\org\lwjgl\lwjgl-meshoptimizer\3.3.3\lwjgl-meshoptimizer-3.3.3.jar;C:\Users\bkmcm\.m2\repository\org\lwjgl\lwjgl-nuklear\3.3.3\lwjgl-nuklear-3.3.3.jar;C:\Users\bkmcm\.m2\repository\org\lwjgl\lwjgl-openal\3.3.3\lwjgl-openal-3.3.3.jar;C:\Users\bkmcm\.m2\repository\org\lwjgl\lwjgl-opengl\3.3.3\lwjgl-opengl-3.3.3.jar;C:\Users\bkmcm\.m2\repository\org\lwjgl\lwjgl-opengles\3.3.3\lwjgl-opengles-3.3.3.jar;C:\Users\bkmcm\.m2\repository\org\lwjgl\lwjgl-stb\3.3.3\lwjgl-stb-3.3.3.jar;C:\Users\bkmcm\.m2\repository\org\lwjgl\lwjgl-vma\3.3.3\lwjgl-vma-3.3.3.jar;C:\Users\bkmcm\.m2\repository\org\lwjgl\lwjgl-vulkan\3.3.3\lwjgl-vulkan-3.3.3.jar;C:\Users\bkmcm\.m2\repository\org\lwjgl\lwjgl-xxhash\3.3.3\lwjgl-xxhash-3.3.3.jar;C:\Users\bkmcm\.m2\repository\org\lwjgl\lwjgl-yoga\3.3.3\lwjgl-yoga-3.3.3.jar;C:\Users\bkmcm\.m2\repository\org\lwjgl\lwjgl-zstd\3.3.3\lwjgl-zstd-3.3.3.jar;C:\Users\bkmcm\.m2\repository\org\lwjgl\lwjgl\3.3.3\lwjgl-3.3.3-natives-windows.jar;C:\Users\bkmcm\.m2\repository\org\lwjgl\lwjgl-assimp\3.3.3\lwjgl-assimp-3.3.3-natives-windows.jar;C:\Users\bkmcm\.m2\repository\org\lwjgl\lwjgl-bgfx\3.3.3\lwjgl-bgfx-3.3.3-natives-windows.jar;C:\Users\bkmcm\.m2\repository\org\lwjgl\lwjgl-freetype\3.3.3\lwjgl-freetype-3.3.3-natives-windows.jar;C:\Users\bkmcm\.m2\repository\org\lwjgl\lwjgl-glfw\3.3.3\lwjgl-glfw-3.3.3-natives-windows.jar;C:\Users\bkmcm\.m2\repository\org\lwjgl\lwjgl-meshoptimizer\3.3.3\lwjgl-meshoptimizer-3.3.3-natives-windows.jar;C:\Users\bkmcm\.m2\repository\org\lwjgl\lwjgl-nuklear\3.3.3\lwjgl-nuklear-3.3.3-natives-windows.jar;C:\Users\bkmcm\.m2\repository\org\lwjgl\lwjgl-openal\3.3.3\lwjgl-openal-3.3.3-natives-windows.jar;C:\Users\bkmcm\.m2\repository\org\lwjgl\lwjgl-opengl\3.3.3\lwjgl-opengl-3.3.3-natives-windows.jar;C:\Users\bkmcm\.m2\repository\org\lwjgl\lwjgl-opengles\3.3.3\lwjgl-opengles-3.3.3-natives-windows.jar;C:\Users\bkmcm\.m2\repository\org\lwjgl\lwjgl-stb\3.3.3\lwjgl-stb-3.3.3-natives-windows.jar;C:\Users\bkmcm\.m2\repository\org\lwjgl\lwjgl-vma\3.3.3\lwjgl-vma-3.3.3-natives-windows.jar;C:\Users\bkmcm\.m2\repository\org\lwjgl\lwjgl-xxhash\3.3.3\lwjgl-xxhash-3.3.3-natives-windows.jar;C:\Users\bkmcm\.m2\repository\org\lwjgl\lwjgl-yoga\3.3.3\lwjgl-yoga-3.3.3-natives-windows.jar;C:\Users\bkmcm\.m2\repository\org\lwjgl\lwjgl-zstd\3.3.3\lwjgl-zstd-3.3.3-natives-windows.jar;C:\Users\bkmcm\.m2\repository\org\joml\joml\1.10.5\joml-1.10.5.jar;C:\Users\bkmcm\.m2\repository\org\lwjglx\lwjgl3-awt\0.1.8\lwjgl3-awt-0.1.8.jar;C:\Users\bkmcm\.m2\repository\com\code-disaster\steamworks4j\steamworks4j\1.9.0\steamworks4j-1.9.0.jar;C:\Users\bkmcm\.m2\repository\com\code-disaster\steamworks4j\steamworks4j-server\1.9.0\steamworks4j-server-1.9.0.jar;C:\Users\bkmcm\.m2\repository\org\spongepowered\noise\2.0.0-SNAPSHOT\noise-2.0.0-20231202.185512-36.jar
Launcher Type: SUN_STANDARD

[Global flags]
     intx CICompilerCount                          = 12                                        {product} {ergonomic}
     uint ConcGCThreads                            = 5                                         {product} {ergonomic}
     uint G1ConcRefinementThreads                  = 18                                        {product} {ergonomic}
   size_t G1HeapRegionSize                         = 16777216                                  {product} {ergonomic}
    uintx GCDrainStackTargetSize                   = 64                                        {product} {ergonomic}
   size_t InitialHeapSize                          = 2147483648                                {product} {ergonomic}
   size_t MarkStackSize                            = 4194304                                   {product} {ergonomic}
   size_t MaxHeapSize                              = 31675383808                               {product} {ergonomic}
   size_t MaxNewSize                               = 18991808512                               {product} {ergonomic}
   size_t MinHeapDeltaBytes                        = 16777216                                  {product} {ergonomic}
   size_t MinHeapSize                              = 16777216                                  {product} {ergonomic}
    uintx NonNMethodCodeHeapSize                   = 7602480                                {pd product} {ergonomic}
    uintx NonProfiledCodeHeapSize                  = 122027880                              {pd product} {ergonomic}
    uintx ProfiledCodeHeapSize                     = 122027880                              {pd product} {ergonomic}
    uintx ReservedCodeCacheSize                    = 251658240                              {pd product} {ergonomic}
     bool SegmentedCodeCache                       = true                                      {product} {ergonomic}
   size_t SoftMaxHeapSize                          = 31675383808                            {manageable} {ergonomic}
     bool UseCompressedOops                        = true                           {product lp64_product} {ergonomic}
     bool UseG1GC                                  = true                                      {product} {ergonomic}
     bool UseLargePagesIndividualAllocation        = false                                  {pd product} {ergonomic}

Logging:
Log output configuration:
 #0: stdout all=warning uptime,level,tags foldmultilines=false
 #1: stderr all=off uptime,level,tags foldmultilines=false

Environment Variables:
JAVA_HOME=C:\Program Files\Eclipse Adoptium\jre-17.0.8.101-hotspot\
PATH=C:\Program Files\Eclipse Adoptium\jre-17.0.8.101-hotspot\bin;C:\Program Files\Eclipse Adoptium\jre-8.0.382.5-hotspot\bin;C:\Program Files\Eclipse Adoptium\jre-19.0.2.7-hotspot\bin;C:\Program Files\Eclipse Adoptium\jre-21.0.0.35-hotspot\bin;C:\Program Files\Common Files\Oracle\Java\javapath;C:\Program Files\Microsoft\jdk-11.0.16.101-hotspot\bin;C:\WINDOWS\system32;C:\WINDOWS;C:\WINDOWS\System32\Wbem;C:\WINDOWS\System32\WindowsPowerShell\v1.0\;C:\WINDOWS\System32\OpenSSH\;C:\Program Files\NVIDIA Corporation\NVIDIA NvDLISR;C:\Program Files (x86)\NVIDIA Corporation\PhysX\Common;C:\Program Files\dotnet\;C:\Program Files\CMake\bin;C:\StrawberryPerl\perl\site\bin;C:\StrawberryPerl\perl\bin;C:\Program Files\NASM;C:\Program Files\MicrosoftVSCode\bin;C:\Program Files\Git\cmd;C:\Program Files (x86)\Windows Kits\10\Windows Performance Toolkit\;C:\GnuWin32\bin;C:\MinGW\bin;C:\vcpkg;C:\Program Files (x86)\Incredibuild;C:\Users\bkmcm\AppData\Local\Programs\Python\Python312\Scripts\;C:\Users\bkmcm\AppData\Local\Programs\Python\Python312\;C:\Users\bkmcm\AppData\Local\Microsoft\WindowsApps;C:\Users\bkmcm\.dotnet\tools;C:\Program Files\IDEACommunityEdition\bin;
USERNAME=bkmcm
OS=Windows_NT
PROCESSOR_IDENTIFIER=Intel64 Family 6 Model 151 Stepping 2, GenuineIntel
TMP=C:\Users\bkmcm\AppData\Local\Temp
TEMP=C:\Users\bkmcm\AppData\Local\Temp




---------------  S Y S T E M  ---------------

OS:
 Windows 11 , 64 bit Build 22621 (10.0.22621.2506)
OS uptime: 4 days 7:05 hours
Hyper-V role detected

CPU: total 24 (initial active 24) (12 cores per cpu, 2 threads per core) family 6 model 151 stepping 2 microcode 0x2e, cx8, cmov, fxsr, ht, mmx, 3dnowpref, sse, sse2, sse3, ssse3, sse4.1, sse4.2, popcnt, lzcnt, tsc, tscinvbit, avx, avx2, aes, erms, clmul, bmi1, bmi2, adx, sha, fma, vzeroupper, clflush, clflushopt, clwb, hv, serialize, rdtscp, rdpid, fsrm, f16c, cet_ibt, cet_ss
Processor Information for processor 0
  Max Mhz: 3200, Current Mhz: 3200, Mhz Limit: 3200
Processor Information for processor 1
  Max Mhz: 3200, Current Mhz: 3200, Mhz Limit: 3200
Processor Information for processor 2
  Max Mhz: 3200, Current Mhz: 3200, Mhz Limit: 3200
Processor Information for processor 3
  Max Mhz: 3200, Current Mhz: 3200, Mhz Limit: 3200
Processor Information for processor 4
  Max Mhz: 3200, Current Mhz: 3200, Mhz Limit: 3200
Processor Information for processor 5
  Max Mhz: 3200, Current Mhz: 3200, Mhz Limit: 3200
Processor Information for processor 6
  Max Mhz: 3200, Current Mhz: 3200, Mhz Limit: 3200
Processor Information for processor 7
  Max Mhz: 3200, Current Mhz: 3200, Mhz Limit: 3200
Processor Information for processor 8
  Max Mhz: 3200, Current Mhz: 3200, Mhz Limit: 3200
Processor Information for processor 9
  Max Mhz: 3200, Current Mhz: 3200, Mhz Limit: 3200
Processor Information for processor 10
  Max Mhz: 3200, Current Mhz: 3200, Mhz Limit: 3200
Processor Information for processor 11
  Max Mhz: 3200, Current Mhz: 3200, Mhz Limit: 3200
Processor Information for processor 12
  Max Mhz: 3200, Current Mhz: 3200, Mhz Limit: 3200
Processor Information for processor 13
  Max Mhz: 3200, Current Mhz: 3200, Mhz Limit: 3200
Processor Information for processor 14
  Max Mhz: 3200, Current Mhz: 3200, Mhz Limit: 3200
Processor Information for processor 15
  Max Mhz: 3200, Current Mhz: 3200, Mhz Limit: 3200
Processor Information for processor 16
  Max Mhz: 3200, Current Mhz: 2400, Mhz Limit: 2400
Processor Information for processor 17
  Max Mhz: 3200, Current Mhz: 2400, Mhz Limit: 2400
Processor Information for processor 18
  Max Mhz: 3200, Current Mhz: 2400, Mhz Limit: 2400
Processor Information for processor 19
  Max Mhz: 3200, Current Mhz: 2400, Mhz Limit: 2400
Processor Information for processor 20
  Max Mhz: 3200, Current Mhz: 2400, Mhz Limit: 2400
Processor Information for processor 21
  Max Mhz: 3200, Current Mhz: 2400, Mhz Limit: 2400
Processor Information for processor 22
  Max Mhz: 3200, Current Mhz: 2400, Mhz Limit: 2400
Processor Information for processor 23
  Max Mhz: 3200, Current Mhz: 2400, Mhz Limit: 2400

Memory: 4k page, system-wide physical 130796M (110832M free)
TotalPageFile size 138988M (AvailPageFile size 112441M)
current process WorkingSet (physical memory assigned to process): 331M, peak: 331M
current process commit charge ("private bytes"): 2449M, peak: 2458M

vm_info: Java HotSpot(TM) 64-Bit Server VM (21+35-LTS-2513) for windows-amd64 JRE (21+35-LTS-2513), built on 2023-08-09T20:25:10Z by "mach5one" with MS VC++ 17.1 (VS2022)

END.
