#
# A fatal error has been detected by the Java Runtime Environment:
#
#  EXCEPTION_ACCESS_VIOLATION (0xc0000005) at pc=0x00007ffef178c8c0, pid=15384, tid=19312
#
# JRE version: Java(TM) SE Runtime Environment (21.0+35) (build 21+35-LTS-2513)
# Java VM: Java HotSpot(TM) 64-Bit Server VM (21+35-LTS-2513, mixed mode, sharing, tiered, compressed oops, compressed class ptrs, g1 gc, windows-amd64)
# Problematic frame:
# C  [nvoglv64.dll+0x50c8c0]
#
# No core dump will be written. Minidumps are not enabled by default on client versions of Windows
#
# If you would like to submit a bug report, please visit:
#   https://bugreport.java.com/bugreport/crash.jsp
# The crash happened outside the Java Virtual Machine in native code.
# See problematic frame for where to report the bug.
#

---------------  S U M M A R Y ------------

Command Line: -javaagent:C:\Program Files\IDEACommunityEdition\lib\idea_rt.jar=58587:C:\Program Files\IDEACommunityEdition\bin -Dfile.encoding=UTF-8 -Dsun.stdout.encoding=UTF-8 -Dsun.stderr.encoding=UTF-8 com.thatsoulyguy.terracraft.Terracraft

Host: 12th Gen Intel(R) Core(TM) i9-12900K, 24 cores, 127G,  Windows 11 , 64 bit Build 22621 (10.0.22621.2506)
Time: Sat Dec 16 17:54:33 2023 Central Standard Time elapsed time: 0.625689 seconds (0d 0h 0m 0s)

---------------  T H R E A D  ---------------

Current thread (0x000002100a820b40):  JavaThread "main"             [_thread_in_native, id=19312, stack(0x0000002607e00000,0x0000002607f00000) (1024K)]

Stack: [0x0000002607e00000,0x0000002607f00000],  sp=0x0000002607efee40,  free space=1019k
Native frames: (J=compiled Java code, j=interpreted, Vv=VM code, C=native code)
C  [nvoglv64.dll+0x50c8c0]

Java frames: (J=compiled Java code, j=interpreted, Vv=VM code)
j  org.lwjgl.opengl.GL11C.nglDrawElements(IIIJ)V+0
j  org.lwjgl.opengl.GL11C.glDrawElements(IIIJ)V+4
j  org.lwjgl.opengl.GL11.glDrawElements(IIIJ)V+4
j  com.thatsoulyguy.terracraft.render.Renderer.RenderObjects(Lcom/thatsoulyguy/terracraft/player/Camera;)V+348
j  com.thatsoulyguy.terracraft.Terracraft.Update()V+26
j  com.thatsoulyguy.terracraft.Terracraft.run()V+11
j  java.lang.Thread.runWith(Ljava/lang/Object;Ljava/lang/Runnable;)V+5 java.base@21
j  java.lang.Thread.run()V+19 java.base@21
v  ~StubRoutines::call_stub 0x0000020f9782100d

siginfo: EXCEPTION_ACCESS_VIOLATION (0xc0000005), reading address 0x0000000000000000


Registers:
RAX=0x00000000fffffff8, RBX=0x0000000000000000, RCX=0x000002100ffe8790, RDX=0x0000000000000000
RSP=0x0000002607efee40, RBP=0x000000000000014c, RSI=0x0000000000000048, RDI=0x0000021010b16080
R8 =0x0000000000000008, R9 =0x000002100ffe8768, R10=0x000002100ffe8780, R11=0x0000000000000008
R12=0x000002100ffe8790, R13=0x0000000000001405, R14=0x0000000000000120, R15=0x0000000000000000
RIP=0x00007ffef178c8c0, EFLAGS=0x0000000000010293


Register to memory mapping:

RAX=0x00000000fffffff8 points into unknown readable memory: 0x0000000000000000 | 00 00 00 00 00 00 00 00
RBX=0x0 is null
RCX=0x000002100ffe8790 points into unknown readable memory: 0x0000000000000000 | 00 00 00 00 00 00 00 00
RDX=0x0 is null
RSP=0x0000002607efee40 is pointing into the stack for thread: 0x000002100a820b40
RBP=0x000000000000014c is an unknown value
RSI=0x0000000000000048 is an unknown value
RDI=0x0000021010b16080 points into unknown readable memory: 0x0000000000000000 | 00 00 00 00 00 00 00 00
R8 =0x0000000000000008 is an unknown value
R9 =0x000002100ffe8768 points into unknown readable memory: 0x00000004000a6006 | 06 60 0a 00 04 00 00 00
R10=0x000002100ffe8780 points into unknown readable memory: 0x0000000000000000 | 00 00 00 00 00 00 00 00
R11=0x0000000000000008 is an unknown value
R12=0x000002100ffe8790 points into unknown readable memory: 0x0000000000000000 | 00 00 00 00 00 00 00 00
R13=0x0000000000001405 is an unknown value
R14=0x0000000000000120 is an unknown value
R15=0x0 is null

Top of Stack: (sp=0x0000002607efee40)
0x0000002607efee40:   000002101013cd00 000002100b65b4a0
0x0000002607efee50:   0000002607efef68 00007ffef8ab6425
0x0000002607efee60:   0000020f97844a4a 000000000017555d
0x0000002607efee70:   000002100a820b40 00007ffef8d575ef
0x0000002607efee80:   000002100b65b4a0 000002100a820b40
0x0000002607efee90:   0000000000000000 0000000000000000
0x0000002607efeea0:   000002100a820b40 000002100b65b4a0
0x0000002607efeeb0:   0000000000000000 0000020f97828846
0x0000002607efeec0:   000002101013cd00 0000020f9782ce0b
0x0000002607efeed0:   0000002607efef68 0000002607efef01
0x0000002607efeee0:   0000002607efefa8 000002100b65b4a0
0x0000002607efeef0:   0000021000001405 0000000000000000
0x0000002607efef00:   0000020f97828846 00007ffef8d575ef
0x0000002607efef10:   3ff0000000000000 0000020f9782ca9f
0x0000002607efef20:   0000002607efef20 000002100b65b4a0
0x0000002607efef30:   0000000000000008 000002100b666730
0x0000002607efef40:   0000000000000000 000000011ec0cf80
0x0000002607efef50:   000002100b65b4a0 0000000000000000
0x0000002607efef60:   0000002607efef88 0000002607efeff8
0x0000002607efef70:   0000020f97828846 000000011ec0cf80
0x0000002607efef80:   0000020f9782a397 0000000000000000
0x0000002607efef90:   0000000000000000 0000000000001405
0x0000002607efefa0:   0000000000000048 0000000000000004
0x0000002607efefb0:   0000002607efefb0 000002100b65b544
0x0000002607efefc0:   0000000000000006 000002100b666730
0x0000002607efefd0:   0000000000000000 000000011ec0cf80
0x0000002607efefe0:   000002100b65b588 0000002607efef88
0x0000002607efeff0:   0000002607eff008 0000002607eff078
0x0000002607eff000:   0000020f97828846 0000000000000000
0x0000002607eff010:   0000000000000000 0000000000001405
0x0000002607eff020:   0000000000000048 0000000000000004
0x0000002607eff030:   0000002607eff030 000002100b62c31c 

Instructions: (pc=0x00007ffef178c8c0)
0x00007ffef178c7c0:   b4 24 a0 00 00 00 48 8b 9c 24 a8 00 00 00 48 83
0x00007ffef178c7d0:   c4 60 41 5f 41 5d 41 5c 5f 5e c3 4c 8b 4f 40 8b
0x00007ffef178c7e0:   c3 48 8b 4f 50 49 2b c9 48 c1 f9 02 85 c9 0f 49
0x00007ffef178c7f0:   c1 c1 e0 02 3b e8 72 0e 8b d5 48 8b cf e8 6e 74
0x00007ffef178c800:   21 00 4c 8b 4f 40 8b c5 45 89 61 04 c1 e0 0b 83
0x00007ffef178c810:   c8 06 41 89 71 08 41 89 01 45 89 69 0c 4d 89 79
0x00007ffef178c820:   10 38 9c 24 98 00 00 00 0f 84 1b 01 00 00 4c 8b
0x00007ffef178c830:   57 40 41 8d 47 0f 83 e0 f0 49 83 c2 18 41 2b c7
0x00007ffef178c840:   0f 57 db d1 f8 49 8b d7 44 8b c6 66 0f 7f 5c 24
0x00007ffef178c850:   50 49 8d 4a 04 03 c1 49 8d 4a 04 f7 d8 83 e0 0f
0x00007ffef178c860:   48 03 c8 4c 8b e1 41 f6 c7 0f 74 20 0f 1f 40 00
0x00007ffef178c870:   45 85 c0 74 17 8b 02 41 ff c8 66 89 01 0b d8 48
0x00007ffef178c880:   83 c1 02 48 83 c2 04 f6 c2 0f 75 e4 41 83 f8 08
0x00007ffef178c890:   7e 72 66 0f 6f 25 b6 88 26 01 41 8d 40 f7 66 0f
0x00007ffef178c8a0:   6f 2d ba 88 26 01 c1 e8 03 ff c0 44 8b d8 f7 d8
0x00007ffef178c8b0:   45 8d 04 c0 0f 1f 40 00 0f 1f 84 00 00 00 00 00
0x00007ffef178c8c0:   f3 0f 6f 12 f3 0f 6f 4a 10 66 0f 6f c2 66 0f eb
0x00007ffef178c8d0:   c3 48 83 c2 20 66 0f 6f d8 66 0f eb d9 0f 18 02
0x00007ffef178c8e0:   66 0f fe d4 66 0f fe cc 66 0f 6b d1 66 0f fd d5
0x00007ffef178c8f0:   f3 0f 7f 11 48 83 c1 10 49 83 eb 01 75 c2 66 0f
0x00007ffef178c900:   7f 5c 24 50 8b 44 24 5c 0b 44 24 58 0b 44 24 54
0x00007ffef178c910:   0b 44 24 50 0b d8 45 85 c0 74 1a 0f 1f 44 00 00
0x00007ffef178c920:   8b 02 0b d8 66 89 01 48 8d 49 02 48 8d 52 04 41
0x00007ffef178c930:   83 e8 01 75 eb 45 2b e2 45 89 22 f7 c3 00 00 ff
0x00007ffef178c940:   ff 74 46 ff 87 6c 0c 8e 00 48 8b 5f 40 49 8b d7
0x00007ffef178c950:   4d 63 c6 48 8d 4b 1c e8 b4 87 a5 00 c7 43 18 04
0x00007ffef178c960:   00 00 00 48 63 c5 48 83 e0 fc 48 01 47 40 48 8b
0x00007ffef178c970:   47 40 48 3b 47 48 0f 82 3a fe ff ff 48 8b cf e8
0x00007ffef178c980:   2c 6f 21 00 e9 2d fe ff ff 41 c7 41 0c 03 14 00
0x00007ffef178c990:   00 41 8b 2a 48 8b 47 40 83 c5 03 8d 6c 75 00 83
0x00007ffef178c9a0:   e5 fc 83 c5 18 8b cd c1 e1 0b 83 c9 06 89 08 8b
0x00007ffef178c9b0:   87 6c 0c 8e 00 85 c0 74 aa ff c8 89 87 6c 0c 8e 


Stack slot to memory mapping:

stack at sp + 0 slots: 0x000002101013cd00 points into unknown readable memory: 0x000000003f800000 | 00 00 80 3f 00 00 00 00
stack at sp + 1 slots: {method} {0x000002100b65b4a8} 'nglDrawElements' '(IIIJ)V' in 'org/lwjgl/opengl/GL11C'
stack at sp + 2 slots: 0x0000002607efef68 is pointing into the stack for thread: 0x000002100a820b40
stack at sp + 3 slots: 0x00007ffef8ab6425 jvm.dll
stack at sp + 4 slots: 0x0000020f97844a4a is at code_begin+4426 in 
[CodeBlob (0x0000020f97843890)]
Framesize: 0
BufferBlob (0x0000020f97843890) used for native signature handlers
stack at sp + 5 slots: 0x000000000017555d is an unknown value
stack at sp + 6 slots: 0x000002100a820b40 is a thread
stack at sp + 7 slots: 0x00007ffef8d575ef jvm.dll


---------------  P R O C E S S  ---------------

Threads class SMR info:
_java_thread_list=0x000002100a8d0190, length=20, elements={
0x0000020fa0af8300, 0x0000020fa0afb030, 0x0000020fa0afd3a0, 0x000002100a120730,
0x0000020fa0afe450, 0x000002100a11e550, 0x000002100a122ee0, 0x000002100a129780,
0x000002100a225f90, 0x000002100a2ca6b0, 0x000002100a2d0ae0, 0x000002100a60b820,
0x000002100a60be90, 0x000002100a820b40, 0x0000020f867a57a0, 0x000002100a4216d0,
0x00000210101712b0, 0x00000210100cd960, 0x000002101041d8b0, 0x00000210102748f0
}

Java Threads: ( => current thread )
  0x0000020fa0af8300 JavaThread "Reference Handler"          daemon [_thread_blocked, id=28080, stack(0x0000002606e00000,0x0000002606f00000) (1024K)]
  0x0000020fa0afb030 JavaThread "Finalizer"                  daemon [_thread_blocked, id=27788, stack(0x0000002606f00000,0x0000002607000000) (1024K)]
  0x0000020fa0afd3a0 JavaThread "Signal Dispatcher"          daemon [_thread_blocked, id=16552, stack(0x0000002607000000,0x0000002607100000) (1024K)]
  0x000002100a120730 JavaThread "Attach Listener"            daemon [_thread_blocked, id=27588, stack(0x0000002607100000,0x0000002607200000) (1024K)]
  0x0000020fa0afe450 JavaThread "Service Thread"             daemon [_thread_blocked, id=13844, stack(0x0000002607200000,0x0000002607300000) (1024K)]
  0x000002100a11e550 JavaThread "Monitor Deflation Thread"   daemon [_thread_blocked, id=8512, stack(0x0000002607300000,0x0000002607400000) (1024K)]
  0x000002100a122ee0 JavaThread "C2 CompilerThread0"         daemon [_thread_blocked, id=32256, stack(0x0000002607400000,0x0000002607500000) (1024K)]
  0x000002100a129780 JavaThread "C1 CompilerThread0"         daemon [_thread_blocked, id=32040, stack(0x0000002607500000,0x0000002607600000) (1024K)]
  0x000002100a225f90 JavaThread "C1 CompilerThread1"         daemon [_thread_blocked, id=31752, stack(0x0000002607600000,0x0000002607700000) (1024K)]
  0x000002100a2ca6b0 JavaThread "Common-Cleaner"             daemon [_thread_blocked, id=31336, stack(0x0000002607700000,0x0000002607800000) (1024K)]
  0x000002100a2d0ae0 JavaThread "C1 CompilerThread2"         daemon [_thread_blocked, id=31568, stack(0x0000002607800000,0x0000002607900000) (1024K)]
  0x000002100a60b820 JavaThread "Monitor Ctrl-Break"         daemon [_thread_in_native, id=29656, stack(0x0000002607c00000,0x0000002607d00000) (1024K)]
  0x000002100a60be90 JavaThread "Notification Thread"        daemon [_thread_blocked, id=15724, stack(0x0000002607d00000,0x0000002607e00000) (1024K)]
=>0x000002100a820b40 JavaThread "main"                              [_thread_in_native, id=19312, stack(0x0000002607e00000,0x0000002607f00000) (1024K)]
  0x0000020f867a57a0 JavaThread "DestroyJavaVM"                     [_thread_blocked, id=28280, stack(0x0000002606600000,0x0000002606700000) (1024K)]
  0x000002100a4216d0 JavaThread "C1 CompilerThread3"         daemon [_thread_blocked, id=24968, stack(0x0000002607f00000,0x0000002608000000) (1024K)]
  0x00000210101712b0 JavaThread "C2 CompilerThread1"         daemon [_thread_blocked, id=1576, stack(0x0000002607900000,0x0000002607a00000) (1024K)]
  0x00000210100cd960 JavaThread "pool-2-thread-1"                   [_thread_blocked, id=30972, stack(0x0000002607a00000,0x0000002607b00000) (1024K)]
  0x000002101041d8b0 JavaThread "C2 CompilerThread2"         daemon [_thread_in_native, id=29184, stack(0x0000002607b00000,0x0000002607c00000) (1024K)]
  0x00000210102748f0 JavaThread "C2 CompilerThread3"         daemon [_thread_blocked, id=28808, stack(0x0000002608800000,0x0000002608900000) (1024K)]
Total: 20

Other Threads:
  0x0000020fa0adaf60 VMThread "VM Thread"                           [id=9804, stack(0x0000002606d00000,0x0000002606e00000) (1024K)]
  0x0000020fa0ac2760 WatcherThread "VM Periodic Task Thread"        [id=31896, stack(0x0000002606c00000,0x0000002606d00000) (1024K)]
  0x0000020f8684a230 WorkerThread "GC Thread#0"                     [id=15904, stack(0x0000002606700000,0x0000002606800000) (1024K)]
  0x0000020f8685a060 ConcurrentGCThread "G1 Main Marker"            [id=15024, stack(0x0000002606800000,0x0000002606900000) (1024K)]
  0x0000020f8685ab60 WorkerThread "G1 Conc#0"                       [id=528, stack(0x0000002606900000,0x0000002606a00000) (1024K)]
  0x0000020fa0aa24d0 ConcurrentGCThread "G1 Refine#0"               [id=15484, stack(0x0000002606a00000,0x0000002606b00000) (1024K)]
  0x0000020fa0aa3040 ConcurrentGCThread "G1 Service"                [id=32224, stack(0x0000002606b00000,0x0000002606c00000) (1024K)]
Total: 7

Threads with active compile tasks:
C2 CompilerThread2      659 1230   !   4       java.util.concurrent.ConcurrentHashMap::transfer (849 bytes)
Total: 1

VM state: not at safepoint (normal execution)

VM Mutex/Monitor currently owned by a thread: None

Heap address: 0x00000000a0000000, size: 30208 MB, Compressed Oops mode: Zero based, Oop shift amount: 3

CDS archive(s) mapped at: [0x0000020fc9000000-0x0000020fc9c90000-0x0000020fc9c90000), size 13172736, SharedBaseAddress: 0x0000020fc9000000, ArchiveRelocationMode: 1.
Compressed class space mapped at: 0x0000020fca000000-0x000002100a000000, reserved size: 1073741824
Narrow klass base: 0x0000020fc9000000, Narrow klass shift: 0, Narrow klass range: 0x100000000

GC Precious Log:
 CardTable entry size: 512
 Card Set container configuration: InlinePtr #cards 3 size 8 Array Of Cards #cards 128 size 272 Howl #buckets 8 coarsen threshold 29491 Howl Bitmap #cards 4096 size 528 coarsen threshold 3686 Card regions per heap region 1 cards per card region 32768
 CPUs: 24 total, 24 available
 Memory: 127G
 Large Page Support: Disabled
 NUMA Support: Disabled
 Compressed Oops: Enabled (Zero based)
 Heap Region Size: 16M
 Heap Min Capacity: 16M
 Heap Initial Capacity: 2G
 Heap Max Capacity: 30208M
 Pre-touch: Disabled
 Parallel Workers: 18
 Concurrent Workers: 5
 Concurrent Refinement Workers: 18
 Periodic GC: Disabled

Heap:
 garbage-first heap   total 2097152K, used 65536K [0x00000000a0000000, 0x0000000800000000)
  region size 16384K, 5 young (81920K), 0 survivors (0K)
 Metaspace       used 7396K, committed 7616K, reserved 1114112K
  class space    used 440K, committed 512K, reserved 1048576K

Heap Regions: E=young(eden), S=young(survivor), O=old, HS=humongous(starts), HC=humongous(continues), CS=collection set, F=free, TAMS=top-at-mark-start, PB=parsable bottom
|   0|0x00000000a0000000, 0x00000000a0000000, 0x00000000a1000000|  0%| F|  |TAMS 0x00000000a0000000| PB 0x00000000a0000000| Untracked 
|   1|0x00000000a1000000, 0x00000000a1000000, 0x00000000a2000000|  0%| F|  |TAMS 0x00000000a1000000| PB 0x00000000a1000000| Untracked 
|   2|0x00000000a2000000, 0x00000000a2000000, 0x00000000a3000000|  0%| F|  |TAMS 0x00000000a2000000| PB 0x00000000a2000000| Untracked 
|   3|0x00000000a3000000, 0x00000000a3000000, 0x00000000a4000000|  0%| F|  |TAMS 0x00000000a3000000| PB 0x00000000a3000000| Untracked 
|   4|0x00000000a4000000, 0x00000000a4000000, 0x00000000a5000000|  0%| F|  |TAMS 0x00000000a4000000| PB 0x00000000a4000000| Untracked 
|   5|0x00000000a5000000, 0x00000000a5000000, 0x00000000a6000000|  0%| F|  |TAMS 0x00000000a5000000| PB 0x00000000a5000000| Untracked 
|   6|0x00000000a6000000, 0x00000000a6000000, 0x00000000a7000000|  0%| F|  |TAMS 0x00000000a6000000| PB 0x00000000a6000000| Untracked 
|   7|0x00000000a7000000, 0x00000000a7000000, 0x00000000a8000000|  0%| F|  |TAMS 0x00000000a7000000| PB 0x00000000a7000000| Untracked 
|   8|0x00000000a8000000, 0x00000000a8000000, 0x00000000a9000000|  0%| F|  |TAMS 0x00000000a8000000| PB 0x00000000a8000000| Untracked 
|   9|0x00000000a9000000, 0x00000000a9000000, 0x00000000aa000000|  0%| F|  |TAMS 0x00000000a9000000| PB 0x00000000a9000000| Untracked 
|  10|0x00000000aa000000, 0x00000000aa000000, 0x00000000ab000000|  0%| F|  |TAMS 0x00000000aa000000| PB 0x00000000aa000000| Untracked 
|  11|0x00000000ab000000, 0x00000000ab000000, 0x00000000ac000000|  0%| F|  |TAMS 0x00000000ab000000| PB 0x00000000ab000000| Untracked 
|  12|0x00000000ac000000, 0x00000000ac000000, 0x00000000ad000000|  0%| F|  |TAMS 0x00000000ac000000| PB 0x00000000ac000000| Untracked 
|  13|0x00000000ad000000, 0x00000000ad000000, 0x00000000ae000000|  0%| F|  |TAMS 0x00000000ad000000| PB 0x00000000ad000000| Untracked 
|  14|0x00000000ae000000, 0x00000000ae000000, 0x00000000af000000|  0%| F|  |TAMS 0x00000000ae000000| PB 0x00000000ae000000| Untracked 
|  15|0x00000000af000000, 0x00000000af000000, 0x00000000b0000000|  0%| F|  |TAMS 0x00000000af000000| PB 0x00000000af000000| Untracked 
|  16|0x00000000b0000000, 0x00000000b0000000, 0x00000000b1000000|  0%| F|  |TAMS 0x00000000b0000000| PB 0x00000000b0000000| Untracked 
|  17|0x00000000b1000000, 0x00000000b1000000, 0x00000000b2000000|  0%| F|  |TAMS 0x00000000b1000000| PB 0x00000000b1000000| Untracked 
|  18|0x00000000b2000000, 0x00000000b2000000, 0x00000000b3000000|  0%| F|  |TAMS 0x00000000b2000000| PB 0x00000000b2000000| Untracked 
|  19|0x00000000b3000000, 0x00000000b3000000, 0x00000000b4000000|  0%| F|  |TAMS 0x00000000b3000000| PB 0x00000000b3000000| Untracked 
|  20|0x00000000b4000000, 0x00000000b4000000, 0x00000000b5000000|  0%| F|  |TAMS 0x00000000b4000000| PB 0x00000000b4000000| Untracked 
|  21|0x00000000b5000000, 0x00000000b5000000, 0x00000000b6000000|  0%| F|  |TAMS 0x00000000b5000000| PB 0x00000000b5000000| Untracked 
|  22|0x00000000b6000000, 0x00000000b6000000, 0x00000000b7000000|  0%| F|  |TAMS 0x00000000b6000000| PB 0x00000000b6000000| Untracked 
|  23|0x00000000b7000000, 0x00000000b7000000, 0x00000000b8000000|  0%| F|  |TAMS 0x00000000b7000000| PB 0x00000000b7000000| Untracked 
|  24|0x00000000b8000000, 0x00000000b8000000, 0x00000000b9000000|  0%| F|  |TAMS 0x00000000b8000000| PB 0x00000000b8000000| Untracked 
|  25|0x00000000b9000000, 0x00000000b9000000, 0x00000000ba000000|  0%| F|  |TAMS 0x00000000b9000000| PB 0x00000000b9000000| Untracked 
|  26|0x00000000ba000000, 0x00000000ba000000, 0x00000000bb000000|  0%| F|  |TAMS 0x00000000ba000000| PB 0x00000000ba000000| Untracked 
|  27|0x00000000bb000000, 0x00000000bb000000, 0x00000000bc000000|  0%| F|  |TAMS 0x00000000bb000000| PB 0x00000000bb000000| Untracked 
|  28|0x00000000bc000000, 0x00000000bc000000, 0x00000000bd000000|  0%| F|  |TAMS 0x00000000bc000000| PB 0x00000000bc000000| Untracked 
|  29|0x00000000bd000000, 0x00000000bd000000, 0x00000000be000000|  0%| F|  |TAMS 0x00000000bd000000| PB 0x00000000bd000000| Untracked 
|  30|0x00000000be000000, 0x00000000be000000, 0x00000000bf000000|  0%| F|  |TAMS 0x00000000be000000| PB 0x00000000be000000| Untracked 
|  31|0x00000000bf000000, 0x00000000bf000000, 0x00000000c0000000|  0%| F|  |TAMS 0x00000000bf000000| PB 0x00000000bf000000| Untracked 
|  32|0x00000000c0000000, 0x00000000c0000000, 0x00000000c1000000|  0%| F|  |TAMS 0x00000000c0000000| PB 0x00000000c0000000| Untracked 
|  33|0x00000000c1000000, 0x00000000c1000000, 0x00000000c2000000|  0%| F|  |TAMS 0x00000000c1000000| PB 0x00000000c1000000| Untracked 
|  34|0x00000000c2000000, 0x00000000c2000000, 0x00000000c3000000|  0%| F|  |TAMS 0x00000000c2000000| PB 0x00000000c2000000| Untracked 
|  35|0x00000000c3000000, 0x00000000c3000000, 0x00000000c4000000|  0%| F|  |TAMS 0x00000000c3000000| PB 0x00000000c3000000| Untracked 
|  36|0x00000000c4000000, 0x00000000c4000000, 0x00000000c5000000|  0%| F|  |TAMS 0x00000000c4000000| PB 0x00000000c4000000| Untracked 
|  37|0x00000000c5000000, 0x00000000c5000000, 0x00000000c6000000|  0%| F|  |TAMS 0x00000000c5000000| PB 0x00000000c5000000| Untracked 
|  38|0x00000000c6000000, 0x00000000c6000000, 0x00000000c7000000|  0%| F|  |TAMS 0x00000000c6000000| PB 0x00000000c6000000| Untracked 
|  39|0x00000000c7000000, 0x00000000c7000000, 0x00000000c8000000|  0%| F|  |TAMS 0x00000000c7000000| PB 0x00000000c7000000| Untracked 
|  40|0x00000000c8000000, 0x00000000c8000000, 0x00000000c9000000|  0%| F|  |TAMS 0x00000000c8000000| PB 0x00000000c8000000| Untracked 
|  41|0x00000000c9000000, 0x00000000c9000000, 0x00000000ca000000|  0%| F|  |TAMS 0x00000000c9000000| PB 0x00000000c9000000| Untracked 
|  42|0x00000000ca000000, 0x00000000ca000000, 0x00000000cb000000|  0%| F|  |TAMS 0x00000000ca000000| PB 0x00000000ca000000| Untracked 
|  43|0x00000000cb000000, 0x00000000cb000000, 0x00000000cc000000|  0%| F|  |TAMS 0x00000000cb000000| PB 0x00000000cb000000| Untracked 
|  44|0x00000000cc000000, 0x00000000cc000000, 0x00000000cd000000|  0%| F|  |TAMS 0x00000000cc000000| PB 0x00000000cc000000| Untracked 
|  45|0x00000000cd000000, 0x00000000cd000000, 0x00000000ce000000|  0%| F|  |TAMS 0x00000000cd000000| PB 0x00000000cd000000| Untracked 
|  46|0x00000000ce000000, 0x00000000ce000000, 0x00000000cf000000|  0%| F|  |TAMS 0x00000000ce000000| PB 0x00000000ce000000| Untracked 
|  47|0x00000000cf000000, 0x00000000cf000000, 0x00000000d0000000|  0%| F|  |TAMS 0x00000000cf000000| PB 0x00000000cf000000| Untracked 
|  48|0x00000000d0000000, 0x00000000d0000000, 0x00000000d1000000|  0%| F|  |TAMS 0x00000000d0000000| PB 0x00000000d0000000| Untracked 
|  49|0x00000000d1000000, 0x00000000d1000000, 0x00000000d2000000|  0%| F|  |TAMS 0x00000000d1000000| PB 0x00000000d1000000| Untracked 
|  50|0x00000000d2000000, 0x00000000d2000000, 0x00000000d3000000|  0%| F|  |TAMS 0x00000000d2000000| PB 0x00000000d2000000| Untracked 
|  51|0x00000000d3000000, 0x00000000d3000000, 0x00000000d4000000|  0%| F|  |TAMS 0x00000000d3000000| PB 0x00000000d3000000| Untracked 
|  52|0x00000000d4000000, 0x00000000d4000000, 0x00000000d5000000|  0%| F|  |TAMS 0x00000000d4000000| PB 0x00000000d4000000| Untracked 
|  53|0x00000000d5000000, 0x00000000d5000000, 0x00000000d6000000|  0%| F|  |TAMS 0x00000000d5000000| PB 0x00000000d5000000| Untracked 
|  54|0x00000000d6000000, 0x00000000d6000000, 0x00000000d7000000|  0%| F|  |TAMS 0x00000000d6000000| PB 0x00000000d6000000| Untracked 
|  55|0x00000000d7000000, 0x00000000d7000000, 0x00000000d8000000|  0%| F|  |TAMS 0x00000000d7000000| PB 0x00000000d7000000| Untracked 
|  56|0x00000000d8000000, 0x00000000d8000000, 0x00000000d9000000|  0%| F|  |TAMS 0x00000000d8000000| PB 0x00000000d8000000| Untracked 
|  57|0x00000000d9000000, 0x00000000d9000000, 0x00000000da000000|  0%| F|  |TAMS 0x00000000d9000000| PB 0x00000000d9000000| Untracked 
|  58|0x00000000da000000, 0x00000000da000000, 0x00000000db000000|  0%| F|  |TAMS 0x00000000da000000| PB 0x00000000da000000| Untracked 
|  59|0x00000000db000000, 0x00000000db000000, 0x00000000dc000000|  0%| F|  |TAMS 0x00000000db000000| PB 0x00000000db000000| Untracked 
|  60|0x00000000dc000000, 0x00000000dc000000, 0x00000000dd000000|  0%| F|  |TAMS 0x00000000dc000000| PB 0x00000000dc000000| Untracked 
|  61|0x00000000dd000000, 0x00000000dd000000, 0x00000000de000000|  0%| F|  |TAMS 0x00000000dd000000| PB 0x00000000dd000000| Untracked 
|  62|0x00000000de000000, 0x00000000de000000, 0x00000000df000000|  0%| F|  |TAMS 0x00000000de000000| PB 0x00000000de000000| Untracked 
|  63|0x00000000df000000, 0x00000000df000000, 0x00000000e0000000|  0%| F|  |TAMS 0x00000000df000000| PB 0x00000000df000000| Untracked 
|  64|0x00000000e0000000, 0x00000000e0000000, 0x00000000e1000000|  0%| F|  |TAMS 0x00000000e0000000| PB 0x00000000e0000000| Untracked 
|  65|0x00000000e1000000, 0x00000000e1000000, 0x00000000e2000000|  0%| F|  |TAMS 0x00000000e1000000| PB 0x00000000e1000000| Untracked 
|  66|0x00000000e2000000, 0x00000000e2000000, 0x00000000e3000000|  0%| F|  |TAMS 0x00000000e2000000| PB 0x00000000e2000000| Untracked 
|  67|0x00000000e3000000, 0x00000000e3000000, 0x00000000e4000000|  0%| F|  |TAMS 0x00000000e3000000| PB 0x00000000e3000000| Untracked 
|  68|0x00000000e4000000, 0x00000000e4000000, 0x00000000e5000000|  0%| F|  |TAMS 0x00000000e4000000| PB 0x00000000e4000000| Untracked 
|  69|0x00000000e5000000, 0x00000000e5000000, 0x00000000e6000000|  0%| F|  |TAMS 0x00000000e5000000| PB 0x00000000e5000000| Untracked 
|  70|0x00000000e6000000, 0x00000000e6000000, 0x00000000e7000000|  0%| F|  |TAMS 0x00000000e6000000| PB 0x00000000e6000000| Untracked 
|  71|0x00000000e7000000, 0x00000000e7000000, 0x00000000e8000000|  0%| F|  |TAMS 0x00000000e7000000| PB 0x00000000e7000000| Untracked 
|  72|0x00000000e8000000, 0x00000000e8000000, 0x00000000e9000000|  0%| F|  |TAMS 0x00000000e8000000| PB 0x00000000e8000000| Untracked 
|  73|0x00000000e9000000, 0x00000000e9000000, 0x00000000ea000000|  0%| F|  |TAMS 0x00000000e9000000| PB 0x00000000e9000000| Untracked 
|  74|0x00000000ea000000, 0x00000000ea000000, 0x00000000eb000000|  0%| F|  |TAMS 0x00000000ea000000| PB 0x00000000ea000000| Untracked 
|  75|0x00000000eb000000, 0x00000000eb000000, 0x00000000ec000000|  0%| F|  |TAMS 0x00000000eb000000| PB 0x00000000eb000000| Untracked 
|  76|0x00000000ec000000, 0x00000000ec000000, 0x00000000ed000000|  0%| F|  |TAMS 0x00000000ec000000| PB 0x00000000ec000000| Untracked 
|  77|0x00000000ed000000, 0x00000000ed000000, 0x00000000ee000000|  0%| F|  |TAMS 0x00000000ed000000| PB 0x00000000ed000000| Untracked 
|  78|0x00000000ee000000, 0x00000000ee000000, 0x00000000ef000000|  0%| F|  |TAMS 0x00000000ee000000| PB 0x00000000ee000000| Untracked 
|  79|0x00000000ef000000, 0x00000000ef000000, 0x00000000f0000000|  0%| F|  |TAMS 0x00000000ef000000| PB 0x00000000ef000000| Untracked 
|  80|0x00000000f0000000, 0x00000000f0000000, 0x00000000f1000000|  0%| F|  |TAMS 0x00000000f0000000| PB 0x00000000f0000000| Untracked 
|  81|0x00000000f1000000, 0x00000000f1000000, 0x00000000f2000000|  0%| F|  |TAMS 0x00000000f1000000| PB 0x00000000f1000000| Untracked 
|  82|0x00000000f2000000, 0x00000000f2000000, 0x00000000f3000000|  0%| F|  |TAMS 0x00000000f2000000| PB 0x00000000f2000000| Untracked 
|  83|0x00000000f3000000, 0x00000000f3000000, 0x00000000f4000000|  0%| F|  |TAMS 0x00000000f3000000| PB 0x00000000f3000000| Untracked 
|  84|0x00000000f4000000, 0x00000000f4000000, 0x00000000f5000000|  0%| F|  |TAMS 0x00000000f4000000| PB 0x00000000f4000000| Untracked 
|  85|0x00000000f5000000, 0x00000000f5000000, 0x00000000f6000000|  0%| F|  |TAMS 0x00000000f5000000| PB 0x00000000f5000000| Untracked 
|  86|0x00000000f6000000, 0x00000000f6000000, 0x00000000f7000000|  0%| F|  |TAMS 0x00000000f6000000| PB 0x00000000f6000000| Untracked 
|  87|0x00000000f7000000, 0x00000000f7000000, 0x00000000f8000000|  0%| F|  |TAMS 0x00000000f7000000| PB 0x00000000f7000000| Untracked 
|  88|0x00000000f8000000, 0x00000000f8000000, 0x00000000f9000000|  0%| F|  |TAMS 0x00000000f8000000| PB 0x00000000f8000000| Untracked 
|  89|0x00000000f9000000, 0x00000000f9000000, 0x00000000fa000000|  0%| F|  |TAMS 0x00000000f9000000| PB 0x00000000f9000000| Untracked 
|  90|0x00000000fa000000, 0x00000000fa000000, 0x00000000fb000000|  0%| F|  |TAMS 0x00000000fa000000| PB 0x00000000fa000000| Untracked 
|  91|0x00000000fb000000, 0x00000000fb000000, 0x00000000fc000000|  0%| F|  |TAMS 0x00000000fb000000| PB 0x00000000fb000000| Untracked 
|  92|0x00000000fc000000, 0x00000000fc000000, 0x00000000fd000000|  0%| F|  |TAMS 0x00000000fc000000| PB 0x00000000fc000000| Untracked 
|  93|0x00000000fd000000, 0x00000000fd000000, 0x00000000fe000000|  0%| F|  |TAMS 0x00000000fd000000| PB 0x00000000fd000000| Untracked 
|  94|0x00000000fe000000, 0x00000000fe000000, 0x00000000ff000000|  0%| F|  |TAMS 0x00000000fe000000| PB 0x00000000fe000000| Untracked 
|  95|0x00000000ff000000, 0x00000000ff000000, 0x0000000100000000|  0%| F|  |TAMS 0x00000000ff000000| PB 0x00000000ff000000| Untracked 
|  96|0x0000000100000000, 0x0000000100000000, 0x0000000101000000|  0%| F|  |TAMS 0x0000000100000000| PB 0x0000000100000000| Untracked 
|  97|0x0000000101000000, 0x0000000101000000, 0x0000000102000000|  0%| F|  |TAMS 0x0000000101000000| PB 0x0000000101000000| Untracked 
|  98|0x0000000102000000, 0x0000000102000000, 0x0000000103000000|  0%| F|  |TAMS 0x0000000102000000| PB 0x0000000102000000| Untracked 
|  99|0x0000000103000000, 0x0000000103000000, 0x0000000104000000|  0%| F|  |TAMS 0x0000000103000000| PB 0x0000000103000000| Untracked 
| 100|0x0000000104000000, 0x0000000104000000, 0x0000000105000000|  0%| F|  |TAMS 0x0000000104000000| PB 0x0000000104000000| Untracked 
| 101|0x0000000105000000, 0x0000000105000000, 0x0000000106000000|  0%| F|  |TAMS 0x0000000105000000| PB 0x0000000105000000| Untracked 
| 102|0x0000000106000000, 0x0000000106000000, 0x0000000107000000|  0%| F|  |TAMS 0x0000000106000000| PB 0x0000000106000000| Untracked 
| 103|0x0000000107000000, 0x0000000107000000, 0x0000000108000000|  0%| F|  |TAMS 0x0000000107000000| PB 0x0000000107000000| Untracked 
| 104|0x0000000108000000, 0x0000000108000000, 0x0000000109000000|  0%| F|  |TAMS 0x0000000108000000| PB 0x0000000108000000| Untracked 
| 105|0x0000000109000000, 0x0000000109000000, 0x000000010a000000|  0%| F|  |TAMS 0x0000000109000000| PB 0x0000000109000000| Untracked 
| 106|0x000000010a000000, 0x000000010a000000, 0x000000010b000000|  0%| F|  |TAMS 0x000000010a000000| PB 0x000000010a000000| Untracked 
| 107|0x000000010b000000, 0x000000010b000000, 0x000000010c000000|  0%| F|  |TAMS 0x000000010b000000| PB 0x000000010b000000| Untracked 
| 108|0x000000010c000000, 0x000000010c000000, 0x000000010d000000|  0%| F|  |TAMS 0x000000010c000000| PB 0x000000010c000000| Untracked 
| 109|0x000000010d000000, 0x000000010d000000, 0x000000010e000000|  0%| F|  |TAMS 0x000000010d000000| PB 0x000000010d000000| Untracked 
| 110|0x000000010e000000, 0x000000010e000000, 0x000000010f000000|  0%| F|  |TAMS 0x000000010e000000| PB 0x000000010e000000| Untracked 
| 111|0x000000010f000000, 0x000000010f000000, 0x0000000110000000|  0%| F|  |TAMS 0x000000010f000000| PB 0x000000010f000000| Untracked 
| 112|0x0000000110000000, 0x0000000110000000, 0x0000000111000000|  0%| F|  |TAMS 0x0000000110000000| PB 0x0000000110000000| Untracked 
| 113|0x0000000111000000, 0x0000000111000000, 0x0000000112000000|  0%| F|  |TAMS 0x0000000111000000| PB 0x0000000111000000| Untracked 
| 114|0x0000000112000000, 0x0000000112000000, 0x0000000113000000|  0%| F|  |TAMS 0x0000000112000000| PB 0x0000000112000000| Untracked 
| 115|0x0000000113000000, 0x0000000113000000, 0x0000000114000000|  0%| F|  |TAMS 0x0000000113000000| PB 0x0000000113000000| Untracked 
| 116|0x0000000114000000, 0x0000000114000000, 0x0000000115000000|  0%| F|  |TAMS 0x0000000114000000| PB 0x0000000114000000| Untracked 
| 117|0x0000000115000000, 0x0000000115000000, 0x0000000116000000|  0%| F|  |TAMS 0x0000000115000000| PB 0x0000000115000000| Untracked 
| 118|0x0000000116000000, 0x0000000116000000, 0x0000000117000000|  0%| F|  |TAMS 0x0000000116000000| PB 0x0000000116000000| Untracked 
| 119|0x0000000117000000, 0x0000000117000000, 0x0000000118000000|  0%| F|  |TAMS 0x0000000117000000| PB 0x0000000117000000| Untracked 
| 120|0x0000000118000000, 0x0000000118000000, 0x0000000119000000|  0%| F|  |TAMS 0x0000000118000000| PB 0x0000000118000000| Untracked 
| 121|0x0000000119000000, 0x0000000119000000, 0x000000011a000000|  0%| F|  |TAMS 0x0000000119000000| PB 0x0000000119000000| Untracked 
| 122|0x000000011a000000, 0x000000011a000000, 0x000000011b000000|  0%| F|  |TAMS 0x000000011a000000| PB 0x000000011a000000| Untracked 
| 123|0x000000011b000000, 0x000000011b7b4b30, 0x000000011c000000| 48%| E|  |TAMS 0x000000011b000000| PB 0x000000011b000000| Complete 
| 124|0x000000011c000000, 0x000000011d000000, 0x000000011d000000|100%| E|CS|TAMS 0x000000011c000000| PB 0x000000011c000000| Complete 
| 125|0x000000011d000000, 0x000000011e000000, 0x000000011e000000|100%| E|CS|TAMS 0x000000011d000000| PB 0x000000011d000000| Complete 
| 126|0x000000011e000000, 0x000000011f000000, 0x000000011f000000|100%| E|CS|TAMS 0x000000011e000000| PB 0x000000011e000000| Complete 
| 127|0x000000011f000000, 0x0000000120000000, 0x0000000120000000|100%| E|CS|TAMS 0x000000011f000000| PB 0x000000011f000000| Complete 

Card table byte_map: [0x0000020fa4600000,0x0000020fa8100000] _byte_map_base: 0x0000020fa4100000

Marking Bits: (CMBitMap*) 0x0000020f8684a930
 Bits: [0x0000020fa8100000, 0x0000020fc5900000)

Polling page: 0x0000020f863f0000

Metaspace:

Usage:
  Non-class:      6.79 MB used.
      Class:    440.41 KB used.
       Both:      7.22 MB used.

Virtual space:
  Non-class space:       64.00 MB reserved,       6.94 MB ( 11%) committed,  1 nodes.
      Class space:        1.00 GB reserved,     512.00 KB ( <1%) committed,  1 nodes.
             Both:        1.06 GB reserved,       7.44 MB ( <1%) committed. 

Chunk freelists:
   Non-Class:  7.61 MB
       Class:  15.51 MB
        Both:  23.12 MB

MaxMetaspaceSize: unlimited
CompressedClassSpaceSize: 1.00 GB
Initial GC threshold: 21.00 MB
Current GC threshold: 21.00 MB
CDS: on
 - commit_granule_bytes: 65536.
 - commit_granule_words: 8192.
 - virtual_space_node_default_size: 8388608.
 - enlarge_chunks_in_place: 1.
 - use_allocation_guard: 0.


Internal statistics:

num_allocs_failed_limit: 0.
num_arena_births: 128.
num_arena_deaths: 0.
num_vsnodes_births: 2.
num_vsnodes_deaths: 0.
num_space_committed: 117.
num_space_uncommitted: 0.
num_chunks_returned_to_freelist: 0.
num_chunks_taken_from_freelist: 315.
num_chunk_merges: 0.
num_chunk_splits: 222.
num_chunks_enlarged: 168.
num_inconsistent_stats: 0.

CodeHeap 'non-profiled nmethods': size=119168Kb used=441Kb max_used=441Kb free=118726Kb
 bounds [0x0000020f97f70000, 0x0000020f981e0000, 0x0000020f9f3d0000]
CodeHeap 'profiled nmethods': size=119104Kb used=2027Kb max_used=2027Kb free=117076Kb
 bounds [0x0000020f903d0000, 0x0000020f90640000, 0x0000020f97820000]
CodeHeap 'non-nmethods': size=7488Kb used=3924Kb max_used=3954Kb free=3563Kb
 bounds [0x0000020f97820000, 0x0000020f97c00000, 0x0000020f97f70000]
 total_blobs=2414 nmethods=1231 adapters=1085
 compilation: enabled
              stopped_count=0, restarted_count=0
 full_count=0

Compilation events (20 events):
Event: 0.621 Thread 0x000002100a225f90 nmethod 1163 0x0000020f90596f10 code [0x0000020f905970c0, 0x0000020f90597228]
Event: 0.621 Thread 0x000002100a4216d0 nmethod 1161 0x0000020f90597310 code [0x0000020f905974e0, 0x0000020f905979a8]
Event: 0.621 Thread 0x000002100a129780 nmethod 1162 0x0000020f90597b90 code [0x0000020f90597d40, 0x0000020f90598078]
Event: 0.621 Thread 0x000002100a4216d0 1164       3       org.joml.Vector2f::<init> (15 bytes)
Event: 0.621 Thread 0x000002100a129780 1166       3       com.thatsoulyguy.terracraft.world.Chunk::ShouldRenderFace (416 bytes)
Event: 0.621 Thread 0x000002100a2d0ae0 1165       3       org.joml.Vector2i::<init> (15 bytes)
Event: 0.621 Thread 0x000002100a4216d0 nmethod 1164 0x0000020f90598190 code [0x0000020f90598340, 0x0000020f905984b0]
Event: 0.621 Thread 0x000002100a2d0ae0 nmethod 1165 0x0000020f90598590 code [0x0000020f90598740, 0x0000020f905988b0]
Event: 0.621 Thread 0x000002100a2d0ae0 1167       1       org.joml.Vector3f::x (5 bytes)
Event: 0.621 Thread 0x000002100a4216d0 1168       1       org.joml.Vector3f::y (5 bytes)
Event: 0.621 Thread 0x000002100a225f90 1169       1       org.joml.Vector3f::z (5 bytes)
Event: 0.621 Thread 0x000002100a2d0ae0 nmethod 1167 0x0000020f97fca710 code [0x0000020f97fca8a0, 0x0000020f97fca968]
Event: 0.621 Thread 0x000002100a4216d0 nmethod 1168 0x0000020f97fcaa10 code [0x0000020f97fcaba0, 0x0000020f97fcac68]
Event: 0.621 Thread 0x000002100a225f90 nmethod 1169 0x0000020f97fcad10 code [0x0000020f97fcaea0, 0x0000020f97fcaf68]
Event: 0.622 Thread 0x000002100a129780 nmethod 1166 0x0000020f90598990 code [0x0000020f90598ca0, 0x0000020f90599cd0]
Event: 0.622 Thread 0x000002100a129780 1170       3       java.lang.Math::toRadians (6 bytes)
Event: 0.622 Thread 0x000002100a225f90 1172       3       org.joml.Vector3i::<init> (20 bytes)
Event: 0.622 Thread 0x000002100a2d0ae0 1171       3       com.thatsoulyguy.terracraft.world.TextureAtlasManager::GetTextureCoordinatesRotated (253 bytes)
Event: 0.622 Thread 0x000002100a4216d0 1173       3       org.joml.Vector3i::hashCode (37 bytes)
Event: 0.622 Thread 0x000002100a129780 nmethod 1170 0x0000020f9059a510 code [0x0000020f9059a6c0, 0x0000020f9059a7b8]

GC Heap History (0 events):
No events

Dll operation events (14 events):
Event: 0.004 Loaded shared library C:\Program Files\Java\jdk-21\bin\java.dll
Event: 0.023 Loaded shared library C:\Program Files\Java\jdk-21\bin\jsvml.dll
Event: 0.048 Loaded shared library C:\Program Files\Java\jdk-21\bin\zip.dll
Event: 0.049 Loaded shared library C:\Program Files\Java\jdk-21\bin\instrument.dll
Event: 0.051 Loaded shared library C:\Program Files\Java\jdk-21\bin\net.dll
Event: 0.052 Loaded shared library C:\Program Files\Java\jdk-21\bin\nio.dll
Event: 0.053 Loaded shared library C:\Program Files\Java\jdk-21\bin\zip.dll
Event: 0.078 Loaded shared library C:\Program Files\IDEACommunityEdition\bin\breakgen64.dll
Event: 0.082 Loaded shared library C:\Program Files\Java\jdk-21\bin\extnet.dll
Event: 0.082 Loaded shared library C:\Program Files\Java\jdk-21\bin\verify.dll
Event: 0.108 Loaded shared library C:\Program Files\Java\jdk-21\bin\jimage.dll
Event: 0.141 Loaded shared library C:\Users\bkmcm\AppData\Local\Temp\lwjgl_bkmcm\3.3.3+5\x64\lwjgl.dll
Event: 0.218 Loaded shared library C:\Users\bkmcm\AppData\Local\Temp\lwjgl_bkmcm\3.3.3+5\x64\lwjgl_stb.dll
Event: 0.385 Loaded shared library C:\Users\bkmcm\AppData\Local\Temp\lwjgl_bkmcm\3.3.3+5\x64\lwjgl_opengl.dll

Deoptimization events (20 events):
Event: 0.157 Thread 0x000002100a820b40 DEOPT PACKING pc=0x0000020f97f8d584 sp=0x0000002607efa860
Event: 0.157 Thread 0x000002100a820b40 DEOPT UNPACKING pc=0x0000020f978746a2 sp=0x0000002607efa820 mode 2
Event: 0.164 Thread 0x000002100a820b40 DEOPT PACKING pc=0x0000020f904d143a sp=0x0000002607efa9e0
Event: 0.164 Thread 0x000002100a820b40 DEOPT UNPACKING pc=0x0000020f97874e42 sp=0x0000002607ef9e78 mode 0
Event: 0.164 Thread 0x000002100a820b40 DEOPT PACKING pc=0x0000020f904d143a sp=0x0000002607efa9e0
Event: 0.164 Thread 0x000002100a820b40 DEOPT UNPACKING pc=0x0000020f97874e42 sp=0x0000002607ef9e78 mode 0
Event: 0.164 Thread 0x000002100a820b40 DEOPT PACKING pc=0x0000020f904d143a sp=0x0000002607efa9e0
Event: 0.164 Thread 0x000002100a820b40 DEOPT UNPACKING pc=0x0000020f97874e42 sp=0x0000002607ef9e78 mode 0
Event: 0.388 Thread 0x000002100a820b40 Uncommon trap: trap_request=0xffffff54 fr.pc=0x0000020f97fbee90 relative=0x0000000000000070
Event: 0.388 Thread 0x000002100a820b40 Uncommon trap: reason=speculate_null_assert action=make_not_entrant pc=0x0000020f97fbee90 method=sun.misc.Unsafe.putLong(Ljava/lang/Object;JJ)V @ 7 c2
Event: 0.388 Thread 0x000002100a820b40 DEOPT PACKING pc=0x0000020f97fbee90 sp=0x0000002607efec70
Event: 0.388 Thread 0x000002100a820b40 DEOPT UNPACKING pc=0x0000020f978746a2 sp=0x0000002607efebe8 mode 2
Event: 0.602 Thread 0x000002100a820b40 Uncommon trap: trap_request=0xffffff45 fr.pc=0x0000020f97fa8c80 relative=0x00000000000000c0
Event: 0.602 Thread 0x000002100a820b40 Uncommon trap: reason=unstable_if action=reinterpret pc=0x0000020f97fa8c80 method=jdk.internal.misc.Unsafe.convEndian(ZI)I @ 4 c2
Event: 0.602 Thread 0x000002100a820b40 DEOPT PACKING pc=0x0000020f97fa8c80 sp=0x0000002607efeac0
Event: 0.602 Thread 0x000002100a820b40 DEOPT UNPACKING pc=0x0000020f978746a2 sp=0x0000002607efe958 mode 2
Event: 0.602 Thread 0x000002100a820b40 Uncommon trap: trap_request=0xffffff45 fr.pc=0x0000020f97fa892c relative=0x000000000000008c
Event: 0.602 Thread 0x000002100a820b40 Uncommon trap: reason=unstable_if action=reinterpret pc=0x0000020f97fa892c method=jdk.internal.misc.Unsafe.convEndian(ZI)I @ 4 c2
Event: 0.602 Thread 0x000002100a820b40 DEOPT PACKING pc=0x0000020f97fa892c sp=0x0000002607efea20
Event: 0.602 Thread 0x000002100a820b40 DEOPT UNPACKING pc=0x0000020f978746a2 sp=0x0000002607efe950 mode 2

Classes loaded (20 events):
Event: 0.618 Loading class java/util/concurrent/FutureTask
Event: 0.618 Loading class java/util/concurrent/RunnableFuture
Event: 0.618 Loading class java/util/concurrent/RunnableFuture done
Event: 0.618 Loading class java/util/concurrent/FutureTask done
Event: 0.618 Loading class java/util/concurrent/FutureTask$WaitNode
Event: 0.618 Loading class java/util/concurrent/FutureTask$WaitNode done
Event: 0.618 Loading class java/util/concurrent/Executors$RunnableAdapter
Event: 0.618 Loading class java/util/concurrent/Callable
Event: 0.618 Loading class java/util/concurrent/Callable done
Event: 0.618 Loading class java/util/concurrent/Executors$RunnableAdapter done
Event: 0.618 Loading class java/util/concurrent/ThreadPoolExecutor$Worker
Event: 0.618 Loading class java/util/concurrent/ThreadPoolExecutor$Worker done
Event: 0.619 Loading class java/lang/NumberFormatException
Event: 0.619 Loading class java/lang/NumberFormatException done
Event: 0.619 Loading class java/util/concurrent/ConcurrentLinkedQueue
Event: 0.620 Loading class java/util/concurrent/ConcurrentLinkedQueue done
Event: 0.620 Loading class java/util/concurrent/ConcurrentLinkedQueue$Node
Event: 0.620 Loading class java/util/concurrent/ConcurrentLinkedQueue$Node done
Event: 0.620 Loading class java/lang/Math$RandomNumberGeneratorHolder
Event: 0.620 Loading class java/lang/Math$RandomNumberGeneratorHolder done

Classes unloaded (0 events):
No events

Classes redefined (0 events):
No events

Internal exceptions (20 events):
Event: 0.168 Thread 0x000002100a820b40 Exception <a 'java/lang/NoSuchMethodError'{0x000000011e8544a8}: 'int java.lang.invoke.DirectMethodHandle$Holder.invokeStaticInit(java.lang.Object, java.lang.Object, int, long)'> (0x000000011e8544a8) 
thrown [s\open\src\hotspot\share\interpreter\linkResolver.cpp, line 773]
Event: 0.168 Thread 0x000002100a820b40 Exception <a 'java/lang/NoSuchMethodError'{0x000000011e8594d0}: 'java.lang.Object java.lang.invoke.DirectMethodHandle$Holder.newInvokeSpecial(java.lang.Object, java.lang.Object, int)'> (0x000000011e8594d0) 
thrown [s\open\src\hotspot\share\interpreter\linkResolver.cpp, line 773]
Event: 0.169 Thread 0x000002100a820b40 Exception <a 'java/lang/NoSuchMethodError'{0x000000011e867768}: 'int java.lang.invoke.DirectMethodHandle$Holder.invokeStaticInit(java.lang.Object, java.lang.Object, long, long)'> (0x000000011e867768) 
thrown [s\open\src\hotspot\share\interpreter\linkResolver.cpp, line 773]
Event: 0.170 Thread 0x000002100a820b40 Exception <a 'java/lang/NoSuchMethodError'{0x000000011e86cfd0}: 'java.lang.Object java.lang.invoke.DirectMethodHandle$Holder.newInvokeSpecial(java.lang.Object, java.lang.Object, long)'> (0x000000011e86cfd0) 
thrown [s\open\src\hotspot\share\interpreter\linkResolver.cpp, line 773]
Event: 0.170 Thread 0x000002100a820b40 Exception <a 'java/lang/NoSuchMethodError'{0x000000011e870d88}: 'java.lang.Object java.lang.invoke.Invokers$Holder.linkToTargetMethod(java.lang.Object, long, java.lang.Object)'> (0x000000011e870d88) 
thrown [s\open\src\hotspot\share\interpreter\linkResolver.cpp, line 773]
Event: 0.170 Thread 0x000002100a820b40 Exception <a 'java/lang/NoSuchMethodError'{0x000000011e877e10}: 'int java.lang.invoke.DirectMethodHandle$Holder.invokeStaticInit(java.lang.Object, java.lang.Object, java.lang.Object, long)'> (0x000000011e877e10) 
thrown [s\open\src\hotspot\share\interpreter\linkResolver.cpp, line 773]
Event: 0.184 Thread 0x000002100a820b40 Exception <a 'sun/nio/fs/WindowsException'{0x000000011e91d1a8}> (0x000000011e91d1a8) 
thrown [s\open\src\hotspot\share\prims\jni.cpp, line 520]
Event: 0.184 Thread 0x000002100a820b40 Exception <a 'sun/nio/fs/WindowsException'{0x000000011e91d508}> (0x000000011e91d508) 
thrown [s\open\src\hotspot\share\prims\jni.cpp, line 520]
Event: 0.188 Thread 0x000002100a820b40 Exception <a 'java/lang/NoSuchMethodError'{0x000000011e932410}: 'int java.lang.invoke.Invokers$Holder.invokeExact_MT(java.lang.Object, java.lang.Object)'> (0x000000011e932410) 
thrown [s\open\src\hotspot\share\interpreter\linkResolver.cpp, line 773]
Event: 0.212 Thread 0x000002100a820b40 Exception <a 'java/lang/NoSuchMethodError'{0x000000011ea07378}: 'void java.lang.System.load(java.lang.String, java.lang.Class)'> (0x000000011ea07378) 
thrown [s\open\src\hotspot\share\interpreter\linkResolver.cpp, line 773]
Event: 0.213 Thread 0x000002100a820b40 Exception <a 'java/lang/NoSuchMethodError'{0x000000011ea09d18}: 'void java.lang.System.loadLibrary(java.lang.String, java.lang.Class)'> (0x000000011ea09d18) 
thrown [s\open\src\hotspot\share\interpreter\linkResolver.cpp, line 773]
Event: 0.217 Thread 0x000002100a820b40 Exception <a 'sun/nio/fs/WindowsException'{0x000000011ea1a4a0}> (0x000000011ea1a4a0) 
thrown [s\open\src\hotspot\share\prims\jni.cpp, line 520]
Event: 0.217 Thread 0x000002100a820b40 Exception <a 'sun/nio/fs/WindowsException'{0x000000011ea1a820}> (0x000000011ea1a820) 
thrown [s\open\src\hotspot\share\prims\jni.cpp, line 520]
Event: 0.381 Thread 0x000002100a820b40 Exception <a 'java/lang/NoSuchMethodError'{0x000000011ea6d4b0}: 'void java.lang.System.load(java.lang.String, java.lang.Class)'> (0x000000011ea6d4b0) 
thrown [s\open\src\hotspot\share\interpreter\linkResolver.cpp, line 773]
Event: 0.382 Thread 0x000002100a820b40 Exception <a 'java/lang/NoSuchMethodError'{0x000000011ea6fe50}: 'void java.lang.System.loadLibrary(java.lang.String, java.lang.Class)'> (0x000000011ea6fe50) 
thrown [s\open\src\hotspot\share\interpreter\linkResolver.cpp, line 773]
Event: 0.385 Thread 0x000002100a820b40 Exception <a 'sun/nio/fs/WindowsException'{0x000000011ea801f8}> (0x000000011ea801f8) 
thrown [s\open\src\hotspot\share\prims\jni.cpp, line 520]
Event: 0.385 Thread 0x000002100a820b40 Exception <a 'sun/nio/fs/WindowsException'{0x000000011ea80598}> (0x000000011ea80598) 
thrown [s\open\src\hotspot\share\prims\jni.cpp, line 520]
Event: 0.387 Thread 0x000002100a820b40 Exception <a 'sun/nio/fs/WindowsException'{0x000000011ea89e18}> (0x000000011ea89e18) 
thrown [s\open\src\hotspot\share\prims\jni.cpp, line 520]
Event: 0.387 Thread 0x000002100a820b40 Exception <a 'sun/nio/fs/WindowsException'{0x000000011ea8a0e8}> (0x000000011ea8a0e8) 
thrown [s\open\src\hotspot\share\prims\jni.cpp, line 520]
Event: 0.617 Thread 0x000002100a820b40 Exception <a 'java/lang/NoSuchMethodError'{0x000000011d0067a8}: 'void java.lang.invoke.DirectMethodHandle$Holder.invokeStaticInit(java.lang.Object, java.lang.Object, java.lang.Object)'> (0x000000011d0067a8) 
thrown [s\open\src\hotspot\share\interpreter\linkResolver.cpp, line 773]

ZGC Phase Switch (0 events):
No events

VM Operations (10 events):
Event: 0.043 Executing VM operation: HandshakeAllThreads (Deoptimize)
Event: 0.043 Executing VM operation: HandshakeAllThreads (Deoptimize) done
Event: 0.136 Executing VM operation: HandshakeAllThreads (Deoptimize)
Event: 0.136 Executing VM operation: HandshakeAllThreads (Deoptimize) done
Event: 0.554 Executing VM operation: HandshakeAllThreads (Deoptimize)
Event: 0.554 Executing VM operation: HandshakeAllThreads (Deoptimize) done
Event: 0.618 Executing VM operation: HandshakeAllThreads (Deoptimize)
Event: 0.618 Executing VM operation: HandshakeAllThreads (Deoptimize) done
Event: 0.618 Executing VM operation: HandshakeAllThreads (Deoptimize)
Event: 0.618 Executing VM operation: HandshakeAllThreads (Deoptimize) done

Events (20 events):
Event: 0.022 Thread 0x000002100a11e550 Thread added: 0x000002100a11e550
Event: 0.022 Thread 0x000002100a122ee0 Thread added: 0x000002100a122ee0
Event: 0.022 Thread 0x000002100a129780 Thread added: 0x000002100a129780
Event: 0.025 Thread 0x000002100a225f90 Thread added: 0x000002100a225f90
Event: 0.040 Thread 0x000002100a2ca6b0 Thread added: 0x000002100a2ca6b0
Event: 0.044 Thread 0x000002100a2d0ae0 Thread added: 0x000002100a2d0ae0
Event: 0.046 Thread 0x000002100a2d66e0 Thread added: 0x000002100a2d66e0
Event: 0.063 Thread 0x000002100a44b420 Thread added: 0x000002100a44b420
Event: 0.063 Thread 0x000002100a477ff0 Thread added: 0x000002100a477ff0
Event: 0.078 Thread 0x000002100a60b820 Thread added: 0x000002100a60b820
Event: 0.078 Thread 0x000002100a60be90 Thread added: 0x000002100a60be90
Event: 0.097 Thread 0x000002100a820b40 Thread added: 0x000002100a820b40
Event: 0.097 Thread 0x0000020f867a57a0 Thread exited: 0x0000020f867a57a0
Event: 0.097 Thread 0x0000020f867a57a0 Thread added: 0x0000020f867a57a0
Event: 0.104 Thread 0x000002100a4216d0 Thread added: 0x000002100a4216d0
Event: 0.382 Thread 0x000002100a477ff0 Thread exited: 0x000002100a477ff0
Event: 0.383 Thread 0x000002100a44b420 Thread exited: 0x000002100a44b420
Event: 0.384 Thread 0x000002100a2d66e0 Thread exited: 0x000002100a2d66e0
Event: 0.563 Thread 0x00000210101712b0 Thread added: 0x00000210101712b0
Event: 0.618 Thread 0x00000210100cd960 Thread added: 0x00000210100cd960


Dynamic libraries:
0x00007ff6f5c90000 - 0x00007ff6f5ca0000 	C:\Program Files\Java\jdk-21\bin\java.exe
0x00007fffc9cd0000 - 0x00007fffc9ee7000 	C:\WINDOWS\SYSTEM32\ntdll.dll
0x00007fffc8260000 - 0x00007fffc8324000 	C:\WINDOWS\System32\KERNEL32.DLL
0x00007fffc7500000 - 0x00007fffc78a6000 	C:\WINDOWS\System32\KERNELBASE.dll
0x00007fffc70b0000 - 0x00007fffc71c1000 	C:\WINDOWS\System32\ucrtbase.dll
0x00007fffb05f0000 - 0x00007fffb0609000 	C:\Program Files\Java\jdk-21\bin\jli.dll
0x00007fff91e80000 - 0x00007fff91e9b000 	C:\Program Files\Java\jdk-21\bin\VCRUNTIME140.dll
0x00007fffc8d70000 - 0x00007fffc8e21000 	C:\WINDOWS\System32\ADVAPI32.dll
0x00007fffc9910000 - 0x00007fffc99b7000 	C:\WINDOWS\System32\msvcrt.dll
0x00007fffc9860000 - 0x00007fffc9905000 	C:\WINDOWS\System32\sechost.dll
0x00007fffc8e30000 - 0x00007fffc8f47000 	C:\WINDOWS\System32\RPCRT4.dll
0x00007fffc89e0000 - 0x00007fffc8b8e000 	C:\WINDOWS\System32\USER32.dll
0x00007fffc71d0000 - 0x00007fffc71f6000 	C:\WINDOWS\System32\win32u.dll
0x00007fffc7a20000 - 0x00007fffc7a49000 	C:\WINDOWS\System32\GDI32.dll
0x00007fffc7200000 - 0x00007fffc7318000 	C:\WINDOWS\System32\gdi32full.dll
0x00007fff9daa0000 - 0x00007fff9dd33000 	C:\WINDOWS\WinSxS\amd64_microsoft.windows.common-controls_6595b64144ccf1df_6.0.22621.2506_none_270c5ae97388e100\COMCTL32.dll
0x00007fffc7460000 - 0x00007fffc74fa000 	C:\WINDOWS\System32\msvcp_win.dll
0x00007fffbfa40000 - 0x00007fffbfa4a000 	C:\WINDOWS\SYSTEM32\VERSION.dll
0x00007fffc8170000 - 0x00007fffc81a1000 	C:\WINDOWS\System32\IMM32.DLL
0x00007fffbe370000 - 0x00007fffbe37c000 	C:\Program Files\Java\jdk-21\bin\vcruntime140_1.dll
0x00007fff8eda0000 - 0x00007fff8ee2e000 	C:\Program Files\Java\jdk-21\bin\msvcp140.dll
0x00007ffef86e0000 - 0x00007ffef93f3000 	C:\Program Files\Java\jdk-21\bin\server\jvm.dll
0x00007fffc8cf0000 - 0x00007fffc8d61000 	C:\WINDOWS\System32\WS2_32.dll
0x00007fffc5e50000 - 0x00007fffc5e9d000 	C:\WINDOWS\SYSTEM32\POWRPROF.dll
0x00007fffbff90000 - 0x00007fffbffc4000 	C:\WINDOWS\SYSTEM32\WINMM.dll
0x00007fffc5e30000 - 0x00007fffc5e43000 	C:\WINDOWS\SYSTEM32\UMPDC.dll
0x00007fffc6050000 - 0x00007fffc6068000 	C:\WINDOWS\SYSTEM32\kernel.appcore.dll
0x00007fffb5100000 - 0x00007fffb510a000 	C:\Program Files\Java\jdk-21\bin\jimage.dll
0x00007fffc4890000 - 0x00007fffc4ac3000 	C:\WINDOWS\SYSTEM32\DBGHELP.DLL
0x00007fffc7c20000 - 0x00007fffc7fa9000 	C:\WINDOWS\System32\combase.dll
0x00007fffc7b40000 - 0x00007fffc7c17000 	C:\WINDOWS\System32\OLEAUT32.dll
0x00007fffbf310000 - 0x00007fffbf342000 	C:\WINDOWS\SYSTEM32\dbgcore.DLL
0x00007fffc7320000 - 0x00007fffc739a000 	C:\WINDOWS\System32\bcryptPrimitives.dll
0x00007fff9a130000 - 0x00007fff9a13f000 	C:\Program Files\Java\jdk-21\bin\instrument.dll
0x00007fff91e60000 - 0x00007fff91e7f000 	C:\Program Files\Java\jdk-21\bin\java.dll
0x00007fffc9000000 - 0x00007fffc985a000 	C:\WINDOWS\System32\SHELL32.dll
0x00007fffc4f20000 - 0x00007fffc5816000 	C:\WINDOWS\SYSTEM32\windows.storage.dll
0x00007fffc4de0000 - 0x00007fffc4f1e000 	C:\WINDOWS\SYSTEM32\wintypes.dll
0x00007fffc8ba0000 - 0x00007fffc8c93000 	C:\WINDOWS\System32\SHCORE.dll
0x00007fffc81c0000 - 0x00007fffc821e000 	C:\WINDOWS\System32\shlwapi.dll
0x00007fffc6f70000 - 0x00007fffc6f96000 	C:\WINDOWS\SYSTEM32\profapi.dll
0x00007fff076b0000 - 0x00007fff07787000 	C:\Program Files\Java\jdk-21\bin\jsvml.dll
0x00007fff91e20000 - 0x00007fff91e38000 	C:\Program Files\Java\jdk-21\bin\zip.dll
0x00007fffb4bf0000 - 0x00007fffb4c00000 	C:\Program Files\Java\jdk-21\bin\net.dll
0x00007fffc0e40000 - 0x00007fffc0f77000 	C:\WINDOWS\SYSTEM32\WINHTTP.dll
0x00007fffc6560000 - 0x00007fffc65c9000 	C:\WINDOWS\system32\mswsock.dll
0x00007fff91e40000 - 0x00007fff91e56000 	C:\Program Files\Java\jdk-21\bin\nio.dll
0x00007fff9a110000 - 0x00007fff9a12a000 	C:\Program Files\IDEACommunityEdition\bin\breakgen64.dll
0x00007fffb1e00000 - 0x00007fffb1e07000 	C:\Program Files\Java\jdk-21\bin\extnet.dll
0x00007fff97150000 - 0x00007fff97160000 	C:\Program Files\Java\jdk-21\bin\verify.dll
0x00007fff91c60000 - 0x00007fff91cdb000 	C:\Users\bkmcm\AppData\Local\Temp\lwjgl_bkmcm\3.3.3+5\x64\lwjgl.dll
0x00007fff91a10000 - 0x00007fff91a92000 	C:\Users\bkmcm\AppData\Local\Temp\lwjgl_bkmcm\3.3.3+5\x64\glfw.dll
0x00007fff973d0000 - 0x00007fff97416000 	C:\WINDOWS\SYSTEM32\dinput8.dll
0x00007fff7c0b0000 - 0x00007fff7c0c1000 	C:\WINDOWS\SYSTEM32\xinput1_4.dll
0x00007fffc6d00000 - 0x00007fffc6d4e000 	C:\WINDOWS\SYSTEM32\cfgmgr32.dll
0x00007fffc6d50000 - 0x00007fffc6d7c000 	C:\WINDOWS\SYSTEM32\DEVOBJ.dll
0x00007fffc4240000 - 0x00007fffc426b000 	C:\WINDOWS\SYSTEM32\dwmapi.dll
0x00007fff93a20000 - 0x00007fff93c2a000 	C:\WINDOWS\SYSTEM32\inputhost.dll
0x00007fffc37d0000 - 0x00007fffc3903000 	C:\WINDOWS\SYSTEM32\CoreMessaging.dll
0x00007fffc3fc0000 - 0x00007fffc406b000 	C:\WINDOWS\system32\uxtheme.dll
0x00007fffc9b40000 - 0x00007fffc9c90000 	C:\WINDOWS\System32\MSCTF.dll
0x00007fffc6890000 - 0x00007fffc689c000 	C:\WINDOWS\SYSTEM32\CRYPTBASE.DLL
0x00007fff918d0000 - 0x00007fff91952000 	C:\Users\bkmcm\AppData\Local\Temp\lwjgl_bkmcm\3.3.3+5\x64\lwjgl_stb.dll
0x00007fff5e330000 - 0x00007fff5e430000 	C:\WINDOWS\SYSTEM32\opengl32.dll
0x00007fff88db0000 - 0x00007fff88ddd000 	C:\WINDOWS\SYSTEM32\GLU32.dll
0x00007fffc42b0000 - 0x00007fffc42e6000 	C:\WINDOWS\SYSTEM32\dxcore.dll
0x00007fffc8f50000 - 0x00007fffc9000000 	C:\WINDOWS\System32\clbcatq.dll
0x00007ffef1280000 - 0x00007ffef3e70000 	C:\WINDOWS\System32\DriverStore\FileRepository\nv_dispi.inf_amd64_866484083fc526af\nvoglv64.dll
0x00007fffc84d0000 - 0x00007fffc8944000 	C:\WINDOWS\System32\SETUPAPI.dll
0x00007fffc8330000 - 0x00007fffc84d0000 	C:\WINDOWS\System32\ole32.dll
0x00007fffc5ea0000 - 0x00007fffc5eb4000 	C:\WINDOWS\SYSTEM32\WTSAPI32.dll
0x00007fffc6ce0000 - 0x00007fffc6cf2000 	C:\WINDOWS\SYSTEM32\msasn1.dll
0x00007fffbf9d0000 - 0x00007fffbfa02000 	C:\WINDOWS\SYSTEM32\cryptnet.dll
0x00007fffc78b0000 - 0x00007fffc7a16000 	C:\WINDOWS\System32\CRYPT32.dll
0x00007fffbf7e0000 - 0x00007fffbf938000 	C:\WINDOWS\SYSTEM32\drvstore.dll
0x00007fffc67e0000 - 0x00007fffc682b000 	C:\WINDOWS\SYSTEM32\wldp.dll
0x00007fffc7040000 - 0x00007fffc70ab000 	C:\WINDOWS\System32\wintrust.dll
0x00007fffc8240000 - 0x00007fffc825f000 	C:\WINDOWS\System32\imagehlp.dll
0x00007fffc68b0000 - 0x00007fffc68cb000 	C:\WINDOWS\SYSTEM32\CRYPTSP.dll
0x00007fffc6070000 - 0x00007fffc60a5000 	C:\WINDOWS\system32\rsaenh.dll
0x00007fffc69d0000 - 0x00007fffc69f8000 	C:\WINDOWS\SYSTEM32\bcrypt.dll
0x00007fffc65d0000 - 0x00007fffc65f6000 	C:\WINDOWS\SYSTEM32\gpapi.dll
0x00007fffb2800000 - 0x00007fffb49ee000 	C:\WINDOWS\System32\DriverStore\FileRepository\nv_dispi.inf_amd64_866484083fc526af\nvgpucomp64.dll
0x00007fffc6110000 - 0x00007fffc6144000 	C:\WINDOWS\SYSTEM32\ntmarta.dll
0x00007fff08480000 - 0x00007fff08751000 	C:\WINDOWS\system32\nvspcap64.dll
0x00007fffc5a70000 - 0x00007fffc5ad6000 	C:\WINDOWS\SYSTEM32\WINSTA.dll
0x00007fff91690000 - 0x00007fff916ee000 	C:\Users\bkmcm\AppData\Local\Temp\lwjgl_bkmcm\3.3.3+5\x64\lwjgl_opengl.dll
0x00007fff99880000 - 0x00007fff999ca000 	C:\WINDOWS\SYSTEM32\textinputframework.dll
0x00007fffb9530000 - 0x00007fffb989c000 	C:\WINDOWS\SYSTEM32\CoreUIComponents.dll

dbghelp: loaded successfully - version: 4.0.5 - missing functions: none
symbol engine: initialized successfully - sym options: 0x614 - pdb path: .;C:\Program Files\Java\jdk-21\bin;C:\WINDOWS\SYSTEM32;C:\WINDOWS\WinSxS\amd64_microsoft.windows.common-controls_6595b64144ccf1df_6.0.22621.2506_none_270c5ae97388e100;C:\Program Files\Java\jdk-21\bin\server;C:\Program Files\IDEACommunityEdition\bin;C:\Users\bkmcm\AppData\Local\Temp\lwjgl_bkmcm\3.3.3+5\x64;C:\WINDOWS\System32\DriverStore\FileRepository\nv_dispi.inf_amd64_866484083fc526af

VM Arguments:
jvm_args: -javaagent:C:\Program Files\IDEACommunityEdition\lib\idea_rt.jar=58587:C:\Program Files\IDEACommunityEdition\bin -Dfile.encoding=UTF-8 -Dsun.stdout.encoding=UTF-8 -Dsun.stderr.encoding=UTF-8 
java_command: com.thatsoulyguy.terracraft.Terracraft
java_class_path (initial): C:\Users\bkmcm\IdeaProjects\Terracraft\target\classes;C:\Users\bkmcm\.m2\repository\org\openjfx\javafx-controls\21-ea+24\javafx-controls-21-ea+24.jar;C:\Users\bkmcm\.m2\repository\org\openjfx\javafx-controls\21-ea+24\javafx-controls-21-ea+24-win.jar;C:\Users\bkmcm\.m2\repository\org\openjfx\javafx-graphics\21-ea+24\javafx-graphics-21-ea+24.jar;C:\Users\bkmcm\.m2\repository\org\openjfx\javafx-graphics\21-ea+24\javafx-graphics-21-ea+24-win.jar;C:\Users\bkmcm\.m2\repository\org\openjfx\javafx-base\21-ea+24\javafx-base-21-ea+24.jar;C:\Users\bkmcm\.m2\repository\org\openjfx\javafx-base\21-ea+24\javafx-base-21-ea+24-win.jar;C:\Users\bkmcm\.m2\repository\org\openjfx\javafx-fxml\21-ea+24\javafx-fxml-21-ea+24.jar;C:\Users\bkmcm\.m2\repository\org\openjfx\javafx-fxml\21-ea+24\javafx-fxml-21-ea+24-win.jar;C:\Users\bkmcm\.m2\repository\org\lwjgl\lwjgl\3.3.3\lwjgl-3.3.3.jar;C:\Users\bkmcm\.m2\repository\org\lwjgl\lwjgl-assimp\3.3.3\lwjgl-assimp-3.3.3.jar;C:\Users\bkmcm\.m2\repository\org\lwjgl\lwjgl-bgfx\3.3.3\lwjgl-bgfx-3.3.3.jar;C:\Users\bkmcm\.m2\repository\org\lwjgl\lwjgl-freetype\3.3.3\lwjgl-freetype-3.3.3.jar;C:\Users\bkmcm\.m2\repository\org\lwjgl\lwjgl-glfw\3.3.3\lwjgl-glfw-3.3.3.jar;C:\Users\bkmcm\.m2\repository\org\lwjgl\lwjgl-jawt\3.3.3\lwjgl-jawt-3.3.3.jar;C:\Users\bkmcm\.m2\repository\org\lwjgl\lwjgl-meshoptimizer\3.3.3\lwjgl-meshoptimizer-3.3.3.jar;C:\Users\bkmcm\.m2\repository\org\lwjgl\lwjgl-nuklear\3.3.3\lwjgl-nuklear-3.3.3.jar;C:\Users\bkmcm\.m2\repository\org\lwjgl\lwjgl-openal\3.3.3\lwjgl-openal-3.3.3.jar;C:\Users\bkmcm\.m2\repository\org\lwjgl\lwjgl-opengl\3.3.3\lwjgl-opengl-3.3.3.jar;C:\Users\bkmcm\.m2\repository\org\lwjgl\lwjgl-opengles\3.3.3\lwjgl-opengles-3.3.3.jar;C:\Users\bkmcm\.m2\repository\org\lwjgl\lwjgl-stb\3.3.3\lwjgl-stb-3.3.3.jar;C:\Users\bkmcm\.m2\repository\org\lwjgl\lwjgl-vma\3.3.3\lwjgl-vma-3.3.3.jar;C:\Users\bkmcm\.m2\repository\org\lwjgl\lwjgl-vulkan\3.3.3\lwjgl-vulkan-3.3.3.jar;C:\Users\bkmcm\.m2\repository\org\lwjgl\lwjgl-xxhash\3.3.3\lwjgl-xxhash-3.3.3.jar;C:\Users\bkmcm\.m2\repository\org\lwjgl\lwjgl-yoga\3.3.3\lwjgl-yoga-3.3.3.jar;C:\Users\bkmcm\.m2\repository\org\lwjgl\lwjgl-zstd\3.3.3\lwjgl-zstd-3.3.3.jar;C:\Users\bkmcm\.m2\repository\org\lwjgl\lwjgl\3.3.3\lwjgl-3.3.3-natives-windows.jar;C:\Users\bkmcm\.m2\repository\org\lwjgl\lwjgl-assimp\3.3.3\lwjgl-assimp-3.3.3-natives-windows.jar;C:\Users\bkmcm\.m2\repository\org\lwjgl\lwjgl-bgfx\3.3.3\lwjgl-bgfx-3.3.3-natives-windows.jar;C:\Users\bkmcm\.m2\repository\org\lwjgl\lwjgl-freetype\3.3.3\lwjgl-freetype-3.3.3-natives-windows.jar;C:\Users\bkmcm\.m2\repository\org\lwjgl\lwjgl-glfw\3.3.3\lwjgl-glfw-3.3.3-natives-windows.jar;C:\Users\bkmcm\.m2\repository\org\lwjgl\lwjgl-meshoptimizer\3.3.3\lwjgl-meshoptimizer-3.3.3-natives-windows.jar;C:\Users\bkmcm\.m2\repository\org\lwjgl\lwjgl-nuklear\3.3.3\lwjgl-nuklear-3.3.3-natives-windows.jar;C:\Users\bkmcm\.m2\repository\org\lwjgl\lwjgl-openal\3.3.3\lwjgl-openal-3.3.3-natives-windows.jar;C:\Users\bkmcm\.m2\repository\org\lwjgl\lwjgl-opengl\3.3.3\lwjgl-opengl-3.3.3-natives-windows.jar;C:\Users\bkmcm\.m2\repository\org\lwjgl\lwjgl-opengles\3.3.3\lwjgl-opengles-3.3.3-natives-windows.jar;C:\Users\bkmcm\.m2\repository\org\lwjgl\lwjgl-stb\3.3.3\lwjgl-stb-3.3.3-natives-windows.jar;C:\Users\bkmcm\.m2\repository\org\lwjgl\lwjgl-vma\3.3.3\lwjgl-vma-3.3.3-natives-windows.jar;C:\Users\bkmcm\.m2\repository\org\lwjgl\lwjgl-xxhash\3.3.3\lwjgl-xxhash-3.3.3-natives-windows.jar;C:\Users\bkmcm\.m2\repository\org\lwjgl\lwjgl-yoga\3.3.3\lwjgl-yoga-3.3.3-natives-windows.jar;C:\Users\bkmcm\.m2\repository\org\lwjgl\lwjgl-zstd\3.3.3\lwjgl-zstd-3.3.3-natives-windows.jar;C:\Users\bkmcm\.m2\repository\org\joml\joml\1.10.5\joml-1.10.5.jar;C:\Users\bkmcm\.m2\repository\org\lwjglx\lwjgl3-awt\0.1.8\lwjgl3-awt-0.1.8.jar;C:\Users\bkmcm\.m2\repository\com\code-disaster\steamworks4j\steamworks4j\1.9.0\steamworks4j-1.9.0.jar;C:\Users\bkmcm\.m2\repository\com\code-disaster\steamworks4j\steamworks4j-server\1.9.0\steamworks4j-server-1.9.0.jar
Launcher Type: SUN_STANDARD

[Global flags]
     intx CICompilerCount                          = 12                                        {product} {ergonomic}
     uint ConcGCThreads                            = 5                                         {product} {ergonomic}
     uint G1ConcRefinementThreads                  = 18                                        {product} {ergonomic}
   size_t G1HeapRegionSize                         = 16777216                                  {product} {ergonomic}
    uintx GCDrainStackTargetSize                   = 64                                        {product} {ergonomic}
   size_t InitialHeapSize                          = 2147483648                                {product} {ergonomic}
   size_t MarkStackSize                            = 4194304                                   {product} {ergonomic}
   size_t MaxHeapSize                              = 31675383808                               {product} {ergonomic}
   size_t MaxNewSize                               = 18991808512                               {product} {ergonomic}
   size_t MinHeapDeltaBytes                        = 16777216                                  {product} {ergonomic}
   size_t MinHeapSize                              = 16777216                                  {product} {ergonomic}
    uintx NonNMethodCodeHeapSize                   = 7602480                                {pd product} {ergonomic}
    uintx NonProfiledCodeHeapSize                  = 122027880                              {pd product} {ergonomic}
    uintx ProfiledCodeHeapSize                     = 122027880                              {pd product} {ergonomic}
    uintx ReservedCodeCacheSize                    = 251658240                              {pd product} {ergonomic}
     bool SegmentedCodeCache                       = true                                      {product} {ergonomic}
   size_t SoftMaxHeapSize                          = 31675383808                            {manageable} {ergonomic}
     bool UseCompressedOops                        = true                           {product lp64_product} {ergonomic}
     bool UseG1GC                                  = true                                      {product} {ergonomic}
     bool UseLargePagesIndividualAllocation        = false                                  {pd product} {ergonomic}

Logging:
Log output configuration:
 #0: stdout all=warning uptime,level,tags foldmultilines=false
 #1: stderr all=off uptime,level,tags foldmultilines=false

Environment Variables:
JAVA_HOME=C:\Program Files\Eclipse Adoptium\jre-17.0.8.101-hotspot\
PATH=C:\Program Files\Eclipse Adoptium\jre-17.0.8.101-hotspot\bin;C:\Program Files\Eclipse Adoptium\jre-8.0.382.5-hotspot\bin;C:\Program Files\Eclipse Adoptium\jre-19.0.2.7-hotspot\bin;C:\Program Files\Eclipse Adoptium\jre-21.0.0.35-hotspot\bin;C:\Program Files\Common Files\Oracle\Java\javapath;C:\Program Files\Microsoft\jdk-11.0.16.101-hotspot\bin;C:\WINDOWS\system32;C:\WINDOWS;C:\WINDOWS\System32\Wbem;C:\WINDOWS\System32\WindowsPowerShell\v1.0\;C:\WINDOWS\System32\OpenSSH\;C:\Program Files\NVIDIA Corporation\NVIDIA NvDLISR;C:\Program Files (x86)\NVIDIA Corporation\PhysX\Common;C:\Program Files\dotnet\;C:\Program Files\CMake\bin;C:\StrawberryPerl\perl\site\bin;C:\StrawberryPerl\perl\bin;C:\Program Files\NASM;C:\Program Files\MicrosoftVSCode\bin;C:\Program Files\Git\cmd;C:\Program Files (x86)\Windows Kits\10\Windows Performance Toolkit\;C:\GnuWin32\bin;C:\MinGW\bin;C:\vcpkg;C:\Program Files (x86)\Incredibuild;C:\Users\bkmcm\AppData\Local\Programs\Python\Python312\Scripts\;C:\Users\bkmcm\AppData\Local\Programs\Python\Python312\;C:\Users\bkmcm\AppData\Local\Microsoft\WindowsApps;C:\Users\bkmcm\.dotnet\tools;C:\Program Files\IDEACommunityEdition\bin;
USERNAME=bkmcm
OS=Windows_NT
PROCESSOR_IDENTIFIER=Intel64 Family 6 Model 151 Stepping 2, GenuineIntel
TMP=C:\Users\bkmcm\AppData\Local\Temp
TEMP=C:\Users\bkmcm\AppData\Local\Temp




---------------  S Y S T E M  ---------------

OS:
 Windows 11 , 64 bit Build 22621 (10.0.22621.2506)
OS uptime: 1 days 3:57 hours
Hyper-V role detected

CPU: total 24 (initial active 24) (12 cores per cpu, 2 threads per core) family 6 model 151 stepping 2 microcode 0x2e, cx8, cmov, fxsr, ht, mmx, 3dnowpref, sse, sse2, sse3, ssse3, sse4.1, sse4.2, popcnt, lzcnt, tsc, tscinvbit, avx, avx2, aes, erms, clmul, bmi1, bmi2, adx, sha, fma, vzeroupper, clflush, clflushopt, clwb, hv, serialize, rdtscp, rdpid, fsrm, f16c, cet_ibt, cet_ss
Processor Information for processor 0
  Max Mhz: 3200, Current Mhz: 3200, Mhz Limit: 3200
Processor Information for processor 1
  Max Mhz: 3200, Current Mhz: 3200, Mhz Limit: 3200
Processor Information for processor 2
  Max Mhz: 3200, Current Mhz: 3200, Mhz Limit: 3200
Processor Information for processor 3
  Max Mhz: 3200, Current Mhz: 3200, Mhz Limit: 3200
Processor Information for processor 4
  Max Mhz: 3200, Current Mhz: 3200, Mhz Limit: 3200
Processor Information for processor 5
  Max Mhz: 3200, Current Mhz: 3200, Mhz Limit: 3200
Processor Information for processor 6
  Max Mhz: 3200, Current Mhz: 3200, Mhz Limit: 3200
Processor Information for processor 7
  Max Mhz: 3200, Current Mhz: 3200, Mhz Limit: 3200
Processor Information for processor 8
  Max Mhz: 3200, Current Mhz: 3200, Mhz Limit: 3200
Processor Information for processor 9
  Max Mhz: 3200, Current Mhz: 3200, Mhz Limit: 3200
Processor Information for processor 10
  Max Mhz: 3200, Current Mhz: 3200, Mhz Limit: 3200
Processor Information for processor 11
  Max Mhz: 3200, Current Mhz: 3200, Mhz Limit: 3200
Processor Information for processor 12
  Max Mhz: 3200, Current Mhz: 3200, Mhz Limit: 3200
Processor Information for processor 13
  Max Mhz: 3200, Current Mhz: 3200, Mhz Limit: 3200
Processor Information for processor 14
  Max Mhz: 3200, Current Mhz: 3200, Mhz Limit: 3200
Processor Information for processor 15
  Max Mhz: 3200, Current Mhz: 3200, Mhz Limit: 3200
Processor Information for processor 16
  Max Mhz: 3200, Current Mhz: 2400, Mhz Limit: 2400
Processor Information for processor 17
  Max Mhz: 3200, Current Mhz: 2400, Mhz Limit: 2400
Processor Information for processor 18
  Max Mhz: 3200, Current Mhz: 2400, Mhz Limit: 2400
Processor Information for processor 19
  Max Mhz: 3200, Current Mhz: 2400, Mhz Limit: 2400
Processor Information for processor 20
  Max Mhz: 3200, Current Mhz: 2400, Mhz Limit: 2400
Processor Information for processor 21
  Max Mhz: 3200, Current Mhz: 2400, Mhz Limit: 2400
Processor Information for processor 22
  Max Mhz: 3200, Current Mhz: 2400, Mhz Limit: 2400
Processor Information for processor 23
  Max Mhz: 3200, Current Mhz: 2400, Mhz Limit: 2400

Memory: 4k page, system-wide physical 130796M (109484M free)
TotalPageFile size 138988M (AvailPageFile size 110833M)
current process WorkingSet (physical memory assigned to process): 156M, peak: 156M
current process commit charge ("private bytes"): 2333M, peak: 2333M

vm_info: Java HotSpot(TM) 64-Bit Server VM (21+35-LTS-2513) for windows-amd64 JRE (21+35-LTS-2513), built on 2023-08-09T20:25:10Z by "mach5one" with MS VC++ 17.1 (VS2022)

END.
